2025-05-23T14:04:50.277+03:00  INFO 15256 --- [real-Estate-consulting] [restartedMain] c.g.r.RealEstateConsultingApplication    : Starting RealEstateConsultingApplication using Java 21.0.4 with PID 15256 (C:\Users\ffspm\Desktop\graduation\real-Estate-consulting\target\classes started by ffspm in C:\Users\ffspm\Desktop\graduation\real-Estate-consulting)
2025-05-23T14:04:50.278+03:00  INFO 15256 --- [real-Estate-consulting] [restartedMain] c.g.r.RealEstateConsultingApplication    : No active profile set, falling back to 1 default profile: "default"
2025-05-23T14:04:50.313+03:00  INFO 15256 --- [real-Estate-consulting] [restartedMain] .e.DevToolsPropertyDefaultsPostProcessor : Devtools property defaults active! Set 'spring.devtools.add-properties' to 'false' to disable
2025-05-23T14:04:50.313+03:00  INFO 15256 --- [real-Estate-consulting] [restartedMain] .e.DevToolsPropertyDefaultsPostProcessor : For additional web related logging consider setting the 'logging.level.web' property to 'DEBUG'
2025-05-23T14:04:51.019+03:00  INFO 15256 --- [real-Estate-consulting] [restartedMain] .s.d.r.c.RepositoryConfigurationDelegate : Bootstrapping Spring Data JPA repositories in DEFAULT mode.
2025-05-23T14:04:51.116+03:00  INFO 15256 --- [real-Estate-consulting] [restartedMain] .s.d.r.c.RepositoryConfigurationDelegate : Finished Spring Data repository scanning in 91 ms. Found 19 JPA repository interfaces.
2025-05-23T14:04:51.522+03:00  INFO 15256 --- [real-Estate-consulting] [restartedMain] o.s.b.w.embedded.tomcat.TomcatWebServer  : Tomcat initialized with port 8080 (http)
2025-05-23T14:04:51.531+03:00  INFO 15256 --- [real-Estate-consulting] [restartedMain] o.apache.catalina.core.StandardService   : Starting service [Tomcat]
2025-05-23T14:04:51.532+03:00  INFO 15256 --- [real-Estate-consulting] [restartedMain] o.apache.catalina.core.StandardEngine    : Starting Servlet engine: [Apache Tomcat/10.1.31]
2025-05-23T14:04:51.566+03:00  INFO 15256 --- [real-Estate-consulting] [restartedMain] o.a.c.c.C.[Tomcat].[localhost].[/]       : Initializing Spring embedded WebApplicationContext
2025-05-23T14:04:51.566+03:00  INFO 15256 --- [real-Estate-consulting] [restartedMain] w.s.c.ServletWebServerApplicationContext : Root WebApplicationContext: initialization completed in 1252 ms
2025-05-23T14:04:51.666+03:00  INFO 15256 --- [real-Estate-consulting] [restartedMain] o.hibernate.jpa.internal.util.LogHelper  : HHH000204: Processing PersistenceUnitInfo [name: default]
2025-05-23T14:04:51.704+03:00  INFO 15256 --- [real-Estate-consulting] [restartedMain] org.hibernate.Version                    : HHH000412: Hibernate ORM core version 6.5.3.Final
2025-05-23T14:04:51.727+03:00  INFO 15256 --- [real-Estate-consulting] [restartedMain] o.h.c.internal.RegionFactoryInitiator    : HHH000026: Second-level cache disabled
2025-05-23T14:04:51.947+03:00  INFO 15256 --- [real-Estate-consulting] [restartedMain] o.s.o.j.p.SpringPersistenceUnitInfo      : No LoadTimeWeaver setup: ignoring JPA class transformer
2025-05-23T14:04:51.971+03:00  INFO 15256 --- [real-Estate-consulting] [restartedMain] com.zaxxer.hikari.HikariDataSource       : HikariPool-1 - Starting...
2025-05-23T14:04:52.077+03:00  INFO 15256 --- [real-Estate-consulting] [restartedMain] com.zaxxer.hikari.pool.HikariPool        : HikariPool-1 - Added connection com.mysql.cj.jdbc.ConnectionImpl@15ae68f2
2025-05-23T14:04:52.079+03:00  INFO 15256 --- [real-Estate-consulting] [restartedMain] com.zaxxer.hikari.HikariDataSource       : HikariPool-1 - Start completed.
2025-05-23T14:04:52.107+03:00  WARN 15256 --- [real-Estate-consulting] [restartedMain] org.hibernate.dialect.Dialect            : HHH000511: The 5.5.5 version for [org.hibernate.dialect.MySQLDialect] is no longer supported, hence certain features may not work properly. The minimum supported version is 8.0.0. Check the community dialects project for available legacy versions.
2025-05-23T14:04:52.110+03:00  WARN 15256 --- [real-Estate-consulting] [restartedMain] org.hibernate.orm.deprecation            : HHH90000025: MySQLDialect does not need to be specified explicitly using 'hibernate.dialect' (remove the property setting and it will be selected by default)
2025-05-23T14:04:53.005+03:00  INFO 15256 --- [real-Estate-consulting] [restartedMain] o.h.e.t.j.p.i.JtaPlatformInitiator       : HHH000489: No JTA platform available (set 'hibernate.transaction.jta.platform' to enable JTA platform integration)
2025-05-23T14:04:53.128+03:00  INFO 15256 --- [real-Estate-consulting] [restartedMain] j.LocalContainerEntityManagerFactoryBean : Initialized JPA EntityManagerFactory for persistence unit 'default'
2025-05-23T14:04:53.405+03:00  WARN 15256 --- [real-Estate-consulting] [restartedMain] JpaBaseConfiguration$JpaWebConfiguration : spring.jpa.open-in-view is enabled by default. Therefore, database queries may be performed during view rendering. Explicitly configure spring.jpa.open-in-view to disable this warning
2025-05-23T14:04:53.561+03:00  INFO 15256 --- [real-Estate-consulting] [restartedMain] eAuthenticationProviderManagerConfigurer : Global AuthenticationManager configured with AuthenticationProvider bean with name authenticationProvider
2025-05-23T14:04:53.561+03:00  WARN 15256 --- [real-Estate-consulting] [restartedMain] r$InitializeUserDetailsManagerConfigurer : Global AuthenticationManager configured with an AuthenticationProvider bean. UserDetailsService beans will not be used for username/password login. Consider removing the AuthenticationProvider bean. Alternatively, consider using the UserDetailsService in a manually instantiated DaoAuthenticationProvider.
2025-05-23T14:04:54.072+03:00  INFO 15256 --- [real-Estate-consulting] [restartedMain] o.s.b.d.a.OptionalLiveReloadServer       : LiveReload server is running on port 35729
2025-05-23T14:04:54.111+03:00  INFO 15256 --- [real-Estate-consulting] [restartedMain] o.s.b.w.embedded.tomcat.TomcatWebServer  : Tomcat started on port 8080 (http) with context path '/'
2025-05-23T14:04:54.124+03:00  INFO 15256 --- [real-Estate-consulting] [restartedMain] c.g.r.RealEstateConsultingApplication    : Started RealEstateConsultingApplication in 4.152 seconds (process running for 4.731)
2025-05-23T14:05:01.515+03:00  INFO 15256 --- [real-Estate-consulting] [http-nio-8080-exec-1] o.a.c.c.C.[Tomcat].[localhost].[/]       : Initializing Spring DispatcherServlet 'dispatcherServlet'
2025-05-23T14:05:01.515+03:00  INFO 15256 --- [real-Estate-consulting] [http-nio-8080-exec-1] o.s.web.servlet.DispatcherServlet        : Initializing Servlet 'dispatcherServlet'
2025-05-23T14:05:01.517+03:00  INFO 15256 --- [real-Estate-consulting] [http-nio-8080-exec-1] o.s.web.servlet.DispatcherServlet        : Completed initialization in 1 ms
2025-05-23T14:05:01.577+03:00  INFO 15256 --- [real-Estate-consulting] [http-nio-8080-exec-1] c.g.r.config.JwtAuthenticationFilter     : hi ================== 
jwt: eyJhbGciOiJIUzI1NiJ9.eyJzdWIiOiJhb21lbzIwMDJAZ21haWwuY29tIiwiaWF0IjoxNzQ3OTk3OTYwLCJleHAiOjE3NDgwODQzNjB9.4BtRNKe-8H2p9-_z15jyBpTm49mpqloFdOTZM3XSqGw
userEmail:aomeo2002@gmail.com
2025-05-23T14:05:01.727+03:00  INFO 15256 --- [real-Estate-consulting] [http-nio-8080-exec-1] c.g.r.config.JwtAuthenticationFilter     : finish auth
2025-05-23T14:05:34.564+03:00  INFO 15256 --- [real-Estate-consulting] [http-nio-8080-exec-2] c.g.r.config.JwtAuthenticationFilter     : hi ================== 
jwt: eyJhbGciOiJIUzI1NiJ9.eyJzdWIiOiJhb21lbzIwMDJAZ21haWwuY29tIiwiaWF0IjoxNzQ3OTk3OTYwLCJleHAiOjE3NDgwODQzNjB9.4BtRNKe-8H2p9-_z15jyBpTm49mpqloFdOTZM3XSqGw
userEmail:aomeo2002@gmail.com
2025-05-23T14:05:34.575+03:00  INFO 15256 --- [real-Estate-consulting] [http-nio-8080-exec-2] c.g.r.config.JwtAuthenticationFilter     : finish auth
2025-05-23T14:10:24.471+03:00  INFO 15256 --- [real-Estate-consulting] [File Watcher] rtingClassPathChangeChangedEventListener : Restarting due to 1 class path change (0 additions, 1 deletion, 0 modifications)
2025-05-23T14:10:24.500+03:00  INFO 15256 --- [real-Estate-consulting] [Thread-5] j.LocalContainerEntityManagerFactoryBean : Closing JPA EntityManagerFactory for persistence unit 'default'
2025-05-23T14:10:24.505+03:00  INFO 15256 --- [real-Estate-consulting] [Thread-5] com.zaxxer.hikari.HikariDataSource       : HikariPool-1 - Shutdown initiated...
2025-05-23T14:10:24.515+03:00  INFO 15256 --- [real-Estate-consulting] [Thread-5] com.zaxxer.hikari.HikariDataSource       : HikariPool-1 - Shutdown completed.
2025-05-23T14:10:24.598+03:00  INFO 15256 --- [real-Estate-consulting] [restartedMain] c.g.r.RealEstateConsultingApplication    : Starting RealEstateConsultingApplication using Java 21.0.4 with PID 15256 (C:\Users\ffspm\Desktop\graduation\real-Estate-consulting\target\classes started by ffspm in C:\Users\ffspm\Desktop\graduation\real-Estate-consulting)
2025-05-23T14:10:24.599+03:00  INFO 15256 --- [real-Estate-consulting] [restartedMain] c.g.r.RealEstateConsultingApplication    : No active profile set, falling back to 1 default profile: "default"
2025-05-23T14:10:24.988+03:00  INFO 15256 --- [real-Estate-consulting] [restartedMain] .s.d.r.c.RepositoryConfigurationDelegate : Bootstrapping Spring Data JPA repositories in DEFAULT mode.
2025-05-23T14:10:25.118+03:00  INFO 15256 --- [real-Estate-consulting] [restartedMain] .s.d.r.c.RepositoryConfigurationDelegate : Finished Spring Data repository scanning in 129 ms. Found 19 JPA repository interfaces.
2025-05-23T14:10:25.319+03:00  INFO 15256 --- [real-Estate-consulting] [restartedMain] o.s.b.w.embedded.tomcat.TomcatWebServer  : Tomcat initialized with port 8080 (http)
2025-05-23T14:10:25.320+03:00  INFO 15256 --- [real-Estate-consulting] [restartedMain] o.apache.catalina.core.StandardService   : Starting service [Tomcat]
2025-05-23T14:10:25.320+03:00  INFO 15256 --- [real-Estate-consulting] [restartedMain] o.apache.catalina.core.StandardEngine    : Starting Servlet engine: [Apache Tomcat/10.1.31]
2025-05-23T14:10:25.334+03:00  INFO 15256 --- [real-Estate-consulting] [restartedMain] o.a.c.c.C.[Tomcat].[localhost].[/]       : Initializing Spring embedded WebApplicationContext
2025-05-23T14:10:25.334+03:00  INFO 15256 --- [real-Estate-consulting] [restartedMain] w.s.c.ServletWebServerApplicationContext : Root WebApplicationContext: initialization completed in 733 ms
2025-05-23T14:10:25.385+03:00  INFO 15256 --- [real-Estate-consulting] [restartedMain] o.hibernate.jpa.internal.util.LogHelper  : HHH000204: Processing PersistenceUnitInfo [name: default]
2025-05-23T14:10:25.387+03:00  INFO 15256 --- [real-Estate-consulting] [restartedMain] o.h.c.internal.RegionFactoryInitiator    : HHH000026: Second-level cache disabled
2025-05-23T14:10:25.398+03:00  INFO 15256 --- [real-Estate-consulting] [restartedMain] o.s.o.j.p.SpringPersistenceUnitInfo      : No LoadTimeWeaver setup: ignoring JPA class transformer
2025-05-23T14:10:25.399+03:00  INFO 15256 --- [real-Estate-consulting] [restartedMain] com.zaxxer.hikari.HikariDataSource       : HikariPool-2 - Starting...
2025-05-23T14:10:25.403+03:00  INFO 15256 --- [real-Estate-consulting] [restartedMain] com.zaxxer.hikari.pool.HikariPool        : HikariPool-2 - Added connection com.mysql.cj.jdbc.ConnectionImpl@450b4e68
2025-05-23T14:10:25.403+03:00  INFO 15256 --- [real-Estate-consulting] [restartedMain] com.zaxxer.hikari.HikariDataSource       : HikariPool-2 - Start completed.
2025-05-23T14:10:25.404+03:00  WARN 15256 --- [real-Estate-consulting] [restartedMain] org.hibernate.dialect.Dialect            : HHH000511: The 5.5.5 version for [org.hibernate.dialect.MySQLDialect] is no longer supported, hence certain features may not work properly. The minimum supported version is 8.0.0. Check the community dialects project for available legacy versions.
2025-05-23T14:10:25.405+03:00  WARN 15256 --- [real-Estate-consulting] [restartedMain] org.hibernate.orm.deprecation            : HHH90000025: MySQLDialect does not need to be specified explicitly using 'hibernate.dialect' (remove the property setting and it will be selected by default)
2025-05-23T14:10:25.630+03:00  INFO 15256 --- [real-Estate-consulting] [restartedMain] o.h.e.t.j.p.i.JtaPlatformInitiator       : HHH000489: No JTA platform available (set 'hibernate.transaction.jta.platform' to enable JTA platform integration)
2025-05-23T14:10:25.720+03:00  INFO 15256 --- [real-Estate-consulting] [restartedMain] j.LocalContainerEntityManagerFactoryBean : Initialized JPA EntityManagerFactory for persistence unit 'default'
2025-05-23T14:10:25.813+03:00  WARN 15256 --- [real-Estate-consulting] [restartedMain] JpaBaseConfiguration$JpaWebConfiguration : spring.jpa.open-in-view is enabled by default. Therefore, database queries may be performed during view rendering. Explicitly configure spring.jpa.open-in-view to disable this warning
2025-05-23T14:10:25.885+03:00  INFO 15256 --- [real-Estate-consulting] [restartedMain] eAuthenticationProviderManagerConfigurer : Global AuthenticationManager configured with AuthenticationProvider bean with name authenticationProvider
2025-05-23T14:10:25.886+03:00  WARN 15256 --- [real-Estate-consulting] [restartedMain] r$InitializeUserDetailsManagerConfigurer : Global AuthenticationManager configured with an AuthenticationProvider bean. UserDetailsService beans will not be used for username/password login. Consider removing the AuthenticationProvider bean. Alternatively, consider using the UserDetailsService in a manually instantiated DaoAuthenticationProvider.
2025-05-23T14:10:26.193+03:00  INFO 15256 --- [real-Estate-consulting] [restartedMain] o.s.b.d.a.OptionalLiveReloadServer       : LiveReload server is running on port 35729
2025-05-23T14:10:26.209+03:00  INFO 15256 --- [real-Estate-consulting] [restartedMain] o.s.b.w.embedded.tomcat.TomcatWebServer  : Tomcat started on port 8080 (http) with context path '/'
2025-05-23T14:10:26.212+03:00  INFO 15256 --- [real-Estate-consulting] [restartedMain] c.g.r.RealEstateConsultingApplication    : Started RealEstateConsultingApplication in 1.642 seconds (process running for 336.818)
2025-05-23T14:10:26.218+03:00  INFO 15256 --- [real-Estate-consulting] [restartedMain] .ConditionEvaluationDeltaLoggingListener : Condition evaluation unchanged
2025-05-23T14:10:30.380+03:00  INFO 15256 --- [real-Estate-consulting] [SpringApplicationShutdownHook] j.LocalContainerEntityManagerFactoryBean : Closing JPA EntityManagerFactory for persistence unit 'default'
2025-05-23T14:10:30.381+03:00  INFO 15256 --- [real-Estate-consulting] [SpringApplicationShutdownHook] com.zaxxer.hikari.HikariDataSource       : HikariPool-2 - Shutdown initiated...
2025-05-23T14:10:30.383+03:00  INFO 15256 --- [real-Estate-consulting] [SpringApplicationShutdownHook] com.zaxxer.hikari.HikariDataSource       : HikariPool-2 - Shutdown completed.
2025-05-23T14:11:57.459+03:00  INFO 17384 --- [real-Estate-consulting] [restartedMain] c.g.r.RealEstateConsultingApplication    : Starting RealEstateConsultingApplication using Java 21.0.4 with PID 17384 (C:\Users\ffspm\Desktop\graduation\real-Estate-consulting\target\classes started by ffspm in C:\Users\ffspm\Desktop\graduation\real-Estate-consulting)
2025-05-23T14:11:57.461+03:00  INFO 17384 --- [real-Estate-consulting] [restartedMain] c.g.r.RealEstateConsultingApplication    : No active profile set, falling back to 1 default profile: "default"
2025-05-23T14:11:57.501+03:00  INFO 17384 --- [real-Estate-consulting] [restartedMain] .e.DevToolsPropertyDefaultsPostProcessor : Devtools property defaults active! Set 'spring.devtools.add-properties' to 'false' to disable
2025-05-23T14:11:57.501+03:00  INFO 17384 --- [real-Estate-consulting] [restartedMain] .e.DevToolsPropertyDefaultsPostProcessor : For additional web related logging consider setting the 'logging.level.web' property to 'DEBUG'
2025-05-23T14:11:59.020+03:00  INFO 17384 --- [real-Estate-consulting] [restartedMain] .s.d.r.c.RepositoryConfigurationDelegate : Bootstrapping Spring Data JPA repositories in DEFAULT mode.
2025-05-23T14:11:59.255+03:00  INFO 17384 --- [real-Estate-consulting] [restartedMain] .s.d.r.c.RepositoryConfigurationDelegate : Finished Spring Data repository scanning in 220 ms. Found 19 JPA repository interfaces.
2025-05-23T14:11:59.994+03:00  INFO 17384 --- [real-Estate-consulting] [restartedMain] o.s.b.w.embedded.tomcat.TomcatWebServer  : Tomcat initialized with port 8080 (http)
2025-05-23T14:12:00.008+03:00  INFO 17384 --- [real-Estate-consulting] [restartedMain] o.apache.catalina.core.StandardService   : Starting service [Tomcat]
2025-05-23T14:12:00.009+03:00  INFO 17384 --- [real-Estate-consulting] [restartedMain] o.apache.catalina.core.StandardEngine    : Starting Servlet engine: [Apache Tomcat/10.1.31]
2025-05-23T14:12:00.060+03:00  INFO 17384 --- [real-Estate-consulting] [restartedMain] o.a.c.c.C.[Tomcat].[localhost].[/]       : Initializing Spring embedded WebApplicationContext
2025-05-23T14:12:00.060+03:00  INFO 17384 --- [real-Estate-consulting] [restartedMain] w.s.c.ServletWebServerApplicationContext : Root WebApplicationContext: initialization completed in 2558 ms
2025-05-23T14:12:00.219+03:00  INFO 17384 --- [real-Estate-consulting] [restartedMain] o.hibernate.jpa.internal.util.LogHelper  : HHH000204: Processing PersistenceUnitInfo [name: default]
2025-05-23T14:12:00.300+03:00  INFO 17384 --- [real-Estate-consulting] [restartedMain] org.hibernate.Version                    : HHH000412: Hibernate ORM core version 6.5.3.Final
2025-05-23T14:12:00.378+03:00  INFO 17384 --- [real-Estate-consulting] [restartedMain] o.h.c.internal.RegionFactoryInitiator    : HHH000026: Second-level cache disabled
2025-05-23T14:12:00.949+03:00  INFO 17384 --- [real-Estate-consulting] [restartedMain] o.s.o.j.p.SpringPersistenceUnitInfo      : No LoadTimeWeaver setup: ignoring JPA class transformer
2025-05-23T14:12:00.977+03:00  INFO 17384 --- [real-Estate-consulting] [restartedMain] com.zaxxer.hikari.HikariDataSource       : HikariPool-1 - Starting...
2025-05-23T14:12:01.209+03:00  INFO 17384 --- [real-Estate-consulting] [restartedMain] com.zaxxer.hikari.pool.HikariPool        : HikariPool-1 - Added connection com.mysql.cj.jdbc.ConnectionImpl@36cada3d
2025-05-23T14:12:01.210+03:00  INFO 17384 --- [real-Estate-consulting] [restartedMain] com.zaxxer.hikari.HikariDataSource       : HikariPool-1 - Start completed.
2025-05-23T14:12:01.251+03:00  WARN 17384 --- [real-Estate-consulting] [restartedMain] org.hibernate.dialect.Dialect            : HHH000511: The 5.5.5 version for [org.hibernate.dialect.MySQLDialect] is no longer supported, hence certain features may not work properly. The minimum supported version is 8.0.0. Check the community dialects project for available legacy versions.
2025-05-23T14:12:01.255+03:00  WARN 17384 --- [real-Estate-consulting] [restartedMain] org.hibernate.orm.deprecation            : HHH90000025: MySQLDialect does not need to be specified explicitly using 'hibernate.dialect' (remove the property setting and it will be selected by default)
2025-05-23T14:12:02.395+03:00  INFO 17384 --- [real-Estate-consulting] [restartedMain] o.h.e.t.j.p.i.JtaPlatformInitiator       : HHH000489: No JTA platform available (set 'hibernate.transaction.jta.platform' to enable JTA platform integration)
2025-05-23T14:12:02.551+03:00  INFO 17384 --- [real-Estate-consulting] [restartedMain] j.LocalContainerEntityManagerFactoryBean : Initialized JPA EntityManagerFactory for persistence unit 'default'
2025-05-23T14:12:02.931+03:00  WARN 17384 --- [real-Estate-consulting] [restartedMain] JpaBaseConfiguration$JpaWebConfiguration : spring.jpa.open-in-view is enabled by default. Therefore, database queries may be performed during view rendering. Explicitly configure spring.jpa.open-in-view to disable this warning
2025-05-23T14:12:03.163+03:00  INFO 17384 --- [real-Estate-consulting] [restartedMain] eAuthenticationProviderManagerConfigurer : Global AuthenticationManager configured with AuthenticationProvider bean with name authenticationProvider
2025-05-23T14:12:03.164+03:00  WARN 17384 --- [real-Estate-consulting] [restartedMain] r$InitializeUserDetailsManagerConfigurer : Global AuthenticationManager configured with an AuthenticationProvider bean. UserDetailsService beans will not be used for username/password login. Consider removing the AuthenticationProvider bean. Alternatively, consider using the UserDetailsService in a manually instantiated DaoAuthenticationProvider.
2025-05-23T14:12:04.104+03:00  INFO 17384 --- [real-Estate-consulting] [restartedMain] o.s.b.d.a.OptionalLiveReloadServer       : LiveReload server is running on port 35729
2025-05-23T14:12:04.158+03:00  INFO 17384 --- [real-Estate-consulting] [restartedMain] o.s.b.w.embedded.tomcat.TomcatWebServer  : Tomcat started on port 8080 (http) with context path '/'
2025-05-23T14:12:04.166+03:00  INFO 17384 --- [real-Estate-consulting] [restartedMain] c.g.r.RealEstateConsultingApplication    : Started RealEstateConsultingApplication in 7.273 seconds (process running for 8.132)
2025-05-23T14:14:28.727+03:00  INFO 17384 --- [real-Estate-consulting] [http-nio-8080-exec-1] o.a.c.c.C.[Tomcat].[localhost].[/]       : Initializing Spring DispatcherServlet 'dispatcherServlet'
2025-05-23T14:14:28.727+03:00  INFO 17384 --- [real-Estate-consulting] [http-nio-8080-exec-1] o.s.web.servlet.DispatcherServlet        : Initializing Servlet 'dispatcherServlet'
2025-05-23T14:14:28.729+03:00  INFO 17384 --- [real-Estate-consulting] [http-nio-8080-exec-1] o.s.web.servlet.DispatcherServlet        : Completed initialization in 2 ms
2025-05-23T14:14:28.804+03:00  INFO 17384 --- [real-Estate-consulting] [http-nio-8080-exec-1] c.g.r.config.JwtAuthenticationFilter     : hi ================== 
jwt: eyJhbGciOiJIUzI1NiJ9.eyJzdWIiOiJhb21lbzIwMDJAZ21haWwuY29tIiwiaWF0IjoxNzQ3OTk3OTYwLCJleHAiOjE3NDgwODQzNjB9.4BtRNKe-8H2p9-_z15jyBpTm49mpqloFdOTZM3XSqGw
userEmail:aomeo2002@gmail.com
2025-05-23T14:14:28.991+03:00  INFO 17384 --- [real-Estate-consulting] [http-nio-8080-exec-1] c.g.r.config.JwtAuthenticationFilter     : finish auth
2025-05-23T14:16:32.578+03:00  INFO 17384 --- [real-Estate-consulting] [File Watcher] rtingClassPathChangeChangedEventListener : Restarting due to 1 class path change (0 additions, 1 deletion, 0 modifications)
2025-05-23T14:16:32.600+03:00  INFO 17384 --- [real-Estate-consulting] [Thread-5] j.LocalContainerEntityManagerFactoryBean : Closing JPA EntityManagerFactory for persistence unit 'default'
2025-05-23T14:16:32.603+03:00  INFO 17384 --- [real-Estate-consulting] [Thread-5] com.zaxxer.hikari.HikariDataSource       : HikariPool-1 - Shutdown initiated...
2025-05-23T14:16:32.610+03:00  INFO 17384 --- [real-Estate-consulting] [Thread-5] com.zaxxer.hikari.HikariDataSource       : HikariPool-1 - Shutdown completed.
2025-05-23T14:16:32.698+03:00  INFO 17384 --- [real-Estate-consulting] [restartedMain] c.g.r.RealEstateConsultingApplication    : Starting RealEstateConsultingApplication using Java 21.0.4 with PID 17384 (C:\Users\ffspm\Desktop\graduation\real-Estate-consulting\target\classes started by ffspm in C:\Users\ffspm\Desktop\graduation\real-Estate-consulting)
2025-05-23T14:16:32.698+03:00  INFO 17384 --- [real-Estate-consulting] [restartedMain] c.g.r.RealEstateConsultingApplication    : No active profile set, falling back to 1 default profile: "default"
2025-05-23T14:16:33.132+03:00  INFO 17384 --- [real-Estate-consulting] [restartedMain] .s.d.r.c.RepositoryConfigurationDelegate : Bootstrapping Spring Data JPA repositories in DEFAULT mode.
2025-05-23T14:16:33.227+03:00  INFO 17384 --- [real-Estate-consulting] [restartedMain] .s.d.r.c.RepositoryConfigurationDelegate : Finished Spring Data repository scanning in 95 ms. Found 19 JPA repository interfaces.
2025-05-23T14:16:33.418+03:00  INFO 17384 --- [real-Estate-consulting] [restartedMain] o.s.b.w.embedded.tomcat.TomcatWebServer  : Tomcat initialized with port 8080 (http)
2025-05-23T14:16:33.420+03:00  INFO 17384 --- [real-Estate-consulting] [restartedMain] o.apache.catalina.core.StandardService   : Starting service [Tomcat]
2025-05-23T14:16:33.420+03:00  INFO 17384 --- [real-Estate-consulting] [restartedMain] o.apache.catalina.core.StandardEngine    : Starting Servlet engine: [Apache Tomcat/10.1.31]
2025-05-23T14:16:33.436+03:00  INFO 17384 --- [real-Estate-consulting] [restartedMain] o.a.c.c.C.[Tomcat].[localhost].[/]       : Initializing Spring embedded WebApplicationContext
2025-05-23T14:16:33.436+03:00  INFO 17384 --- [real-Estate-consulting] [restartedMain] w.s.c.ServletWebServerApplicationContext : Root WebApplicationContext: initialization completed in 734 ms
2025-05-23T14:16:33.501+03:00  INFO 17384 --- [real-Estate-consulting] [restartedMain] o.hibernate.jpa.internal.util.LogHelper  : HHH000204: Processing PersistenceUnitInfo [name: default]
2025-05-23T14:16:33.504+03:00  INFO 17384 --- [real-Estate-consulting] [restartedMain] o.h.c.internal.RegionFactoryInitiator    : HHH000026: Second-level cache disabled
2025-05-23T14:16:33.518+03:00  INFO 17384 --- [real-Estate-consulting] [restartedMain] o.s.o.j.p.SpringPersistenceUnitInfo      : No LoadTimeWeaver setup: ignoring JPA class transformer
2025-05-23T14:16:33.520+03:00  INFO 17384 --- [real-Estate-consulting] [restartedMain] com.zaxxer.hikari.HikariDataSource       : HikariPool-2 - Starting...
2025-05-23T14:16:33.525+03:00  INFO 17384 --- [real-Estate-consulting] [restartedMain] com.zaxxer.hikari.pool.HikariPool        : HikariPool-2 - Added connection com.mysql.cj.jdbc.ConnectionImpl@9d44cdd
2025-05-23T14:16:33.525+03:00  INFO 17384 --- [real-Estate-consulting] [restartedMain] com.zaxxer.hikari.HikariDataSource       : HikariPool-2 - Start completed.
2025-05-23T14:16:33.527+03:00  WARN 17384 --- [real-Estate-consulting] [restartedMain] org.hibernate.dialect.Dialect            : HHH000511: The 5.5.5 version for [org.hibernate.dialect.MySQLDialect] is no longer supported, hence certain features may not work properly. The minimum supported version is 8.0.0. Check the community dialects project for available legacy versions.
2025-05-23T14:16:33.527+03:00  WARN 17384 --- [real-Estate-consulting] [restartedMain] org.hibernate.orm.deprecation            : HHH90000025: MySQLDialect does not need to be specified explicitly using 'hibernate.dialect' (remove the property setting and it will be selected by default)
2025-05-23T14:16:33.869+03:00  INFO 17384 --- [real-Estate-consulting] [restartedMain] o.h.e.t.j.p.i.JtaPlatformInitiator       : HHH000489: No JTA platform available (set 'hibernate.transaction.jta.platform' to enable JTA platform integration)
2025-05-23T14:16:33.949+03:00  INFO 17384 --- [real-Estate-consulting] [restartedMain] j.LocalContainerEntityManagerFactoryBean : Initialized JPA EntityManagerFactory for persistence unit 'default'
2025-05-23T14:16:34.046+03:00  WARN 17384 --- [real-Estate-consulting] [restartedMain] JpaBaseConfiguration$JpaWebConfiguration : spring.jpa.open-in-view is enabled by default. Therefore, database queries may be performed during view rendering. Explicitly configure spring.jpa.open-in-view to disable this warning
2025-05-23T14:16:34.147+03:00  INFO 17384 --- [real-Estate-consulting] [restartedMain] eAuthenticationProviderManagerConfigurer : Global AuthenticationManager configured with AuthenticationProvider bean with name authenticationProvider
2025-05-23T14:16:34.147+03:00  WARN 17384 --- [real-Estate-consulting] [restartedMain] r$InitializeUserDetailsManagerConfigurer : Global AuthenticationManager configured with an AuthenticationProvider bean. UserDetailsService beans will not be used for username/password login. Consider removing the AuthenticationProvider bean. Alternatively, consider using the UserDetailsService in a manually instantiated DaoAuthenticationProvider.
2025-05-23T14:16:34.470+03:00  INFO 17384 --- [real-Estate-consulting] [restartedMain] o.s.b.d.a.OptionalLiveReloadServer       : LiveReload server is running on port 35729
2025-05-23T14:16:34.484+03:00  INFO 17384 --- [real-Estate-consulting] [restartedMain] o.s.b.w.embedded.tomcat.TomcatWebServer  : Tomcat started on port 8080 (http) with context path '/'
2025-05-23T14:16:34.487+03:00  INFO 17384 --- [real-Estate-consulting] [restartedMain] c.g.r.RealEstateConsultingApplication    : Started RealEstateConsultingApplication in 1.822 seconds (process running for 278.453)
2025-05-23T14:16:34.489+03:00  INFO 17384 --- [real-Estate-consulting] [restartedMain] .ConditionEvaluationDeltaLoggingListener : Condition evaluation unchanged
2025-05-23T14:16:36.011+03:00  INFO 17384 --- [real-Estate-consulting] [File Watcher] rtingClassPathChangeChangedEventListener : Restarting due to 1 class path change (1 addition, 0 deletions, 0 modifications)
2025-05-23T14:16:36.071+03:00  INFO 17384 --- [real-Estate-consulting] [Thread-7] j.LocalContainerEntityManagerFactoryBean : Closing JPA EntityManagerFactory for persistence unit 'default'
2025-05-23T14:16:36.072+03:00  INFO 17384 --- [real-Estate-consulting] [Thread-7] com.zaxxer.hikari.HikariDataSource       : HikariPool-2 - Shutdown initiated...
2025-05-23T14:16:36.073+03:00  INFO 17384 --- [real-Estate-consulting] [Thread-7] com.zaxxer.hikari.HikariDataSource       : HikariPool-2 - Shutdown completed.
2025-05-23T14:16:36.196+03:00  INFO 17384 --- [real-Estate-consulting] [restartedMain] c.g.r.RealEstateConsultingApplication    : Starting RealEstateConsultingApplication using Java 21.0.4 with PID 17384 (C:\Users\ffspm\Desktop\graduation\real-Estate-consulting\target\classes started by ffspm in C:\Users\ffspm\Desktop\graduation\real-Estate-consulting)
2025-05-23T14:16:36.197+03:00  INFO 17384 --- [real-Estate-consulting] [restartedMain] c.g.r.RealEstateConsultingApplication    : No active profile set, falling back to 1 default profile: "default"
2025-05-23T14:16:36.476+03:00  INFO 17384 --- [real-Estate-consulting] [restartedMain] .s.d.r.c.RepositoryConfigurationDelegate : Bootstrapping Spring Data JPA repositories in DEFAULT mode.
2025-05-23T14:16:36.526+03:00  INFO 17384 --- [real-Estate-consulting] [restartedMain] .s.d.r.c.RepositoryConfigurationDelegate : Finished Spring Data repository scanning in 50 ms. Found 19 JPA repository interfaces.
2025-05-23T14:16:36.617+03:00  INFO 17384 --- [real-Estate-consulting] [restartedMain] o.s.b.w.embedded.tomcat.TomcatWebServer  : Tomcat initialized with port 8080 (http)
2025-05-23T14:16:36.618+03:00  INFO 17384 --- [real-Estate-consulting] [restartedMain] o.apache.catalina.core.StandardService   : Starting service [Tomcat]
2025-05-23T14:16:36.618+03:00  INFO 17384 --- [real-Estate-consulting] [restartedMain] o.apache.catalina.core.StandardEngine    : Starting Servlet engine: [Apache Tomcat/10.1.31]
2025-05-23T14:16:36.633+03:00  INFO 17384 --- [real-Estate-consulting] [restartedMain] o.a.c.c.C.[Tomcat].[localhost].[/]       : Initializing Spring embedded WebApplicationContext
2025-05-23T14:16:36.633+03:00  INFO 17384 --- [real-Estate-consulting] [restartedMain] w.s.c.ServletWebServerApplicationContext : Root WebApplicationContext: initialization completed in 435 ms
2025-05-23T14:16:36.663+03:00  INFO 17384 --- [real-Estate-consulting] [restartedMain] o.hibernate.jpa.internal.util.LogHelper  : HHH000204: Processing PersistenceUnitInfo [name: default]
2025-05-23T14:16:36.665+03:00  INFO 17384 --- [real-Estate-consulting] [restartedMain] o.h.c.internal.RegionFactoryInitiator    : HHH000026: Second-level cache disabled
2025-05-23T14:16:36.672+03:00  INFO 17384 --- [real-Estate-consulting] [restartedMain] o.s.o.j.p.SpringPersistenceUnitInfo      : No LoadTimeWeaver setup: ignoring JPA class transformer
2025-05-23T14:16:36.673+03:00  INFO 17384 --- [real-Estate-consulting] [restartedMain] com.zaxxer.hikari.HikariDataSource       : HikariPool-3 - Starting...
2025-05-23T14:16:36.675+03:00  INFO 17384 --- [real-Estate-consulting] [restartedMain] com.zaxxer.hikari.pool.HikariPool        : HikariPool-3 - Added connection com.mysql.cj.jdbc.ConnectionImpl@1d26a0d6
2025-05-23T14:16:36.675+03:00  INFO 17384 --- [real-Estate-consulting] [restartedMain] com.zaxxer.hikari.HikariDataSource       : HikariPool-3 - Start completed.
2025-05-23T14:16:36.676+03:00  WARN 17384 --- [real-Estate-consulting] [restartedMain] org.hibernate.dialect.Dialect            : HHH000511: The 5.5.5 version for [org.hibernate.dialect.MySQLDialect] is no longer supported, hence certain features may not work properly. The minimum supported version is 8.0.0. Check the community dialects project for available legacy versions.
2025-05-23T14:16:36.676+03:00  WARN 17384 --- [real-Estate-consulting] [restartedMain] org.hibernate.orm.deprecation            : HHH90000025: MySQLDialect does not need to be specified explicitly using 'hibernate.dialect' (remove the property setting and it will be selected by default)
2025-05-23T14:16:36.843+03:00  INFO 17384 --- [real-Estate-consulting] [restartedMain] o.h.e.t.j.p.i.JtaPlatformInitiator       : HHH000489: No JTA platform available (set 'hibernate.transaction.jta.platform' to enable JTA platform integration)
2025-05-23T14:16:36.915+03:00  INFO 17384 --- [real-Estate-consulting] [restartedMain] j.LocalContainerEntityManagerFactoryBean : Initialized JPA EntityManagerFactory for persistence unit 'default'
2025-05-23T14:16:36.982+03:00  WARN 17384 --- [real-Estate-consulting] [restartedMain] JpaBaseConfiguration$JpaWebConfiguration : spring.jpa.open-in-view is enabled by default. Therefore, database queries may be performed during view rendering. Explicitly configure spring.jpa.open-in-view to disable this warning
2025-05-23T14:16:37.039+03:00  INFO 17384 --- [real-Estate-consulting] [restartedMain] eAuthenticationProviderManagerConfigurer : Global AuthenticationManager configured with AuthenticationProvider bean with name authenticationProvider
2025-05-23T14:16:37.039+03:00  WARN 17384 --- [real-Estate-consulting] [restartedMain] r$InitializeUserDetailsManagerConfigurer : Global AuthenticationManager configured with an AuthenticationProvider bean. UserDetailsService beans will not be used for username/password login. Consider removing the AuthenticationProvider bean. Alternatively, consider using the UserDetailsService in a manually instantiated DaoAuthenticationProvider.
2025-05-23T14:16:37.258+03:00  INFO 17384 --- [real-Estate-consulting] [restartedMain] o.s.b.d.a.OptionalLiveReloadServer       : LiveReload server is running on port 35729
2025-05-23T14:16:37.269+03:00  INFO 17384 --- [real-Estate-consulting] [restartedMain] o.s.b.w.embedded.tomcat.TomcatWebServer  : Tomcat started on port 8080 (http) with context path '/'
2025-05-23T14:16:37.273+03:00  INFO 17384 --- [real-Estate-consulting] [restartedMain] c.g.r.RealEstateConsultingApplication    : Started RealEstateConsultingApplication in 1.096 seconds (process running for 281.238)
2025-05-23T14:16:37.274+03:00  INFO 17384 --- [real-Estate-consulting] [restartedMain] .ConditionEvaluationDeltaLoggingListener : Condition evaluation unchanged
2025-05-23T14:17:00.029+03:00  INFO 17384 --- [real-Estate-consulting] [http-nio-8080-exec-1] o.a.c.c.C.[Tomcat].[localhost].[/]       : Initializing Spring DispatcherServlet 'dispatcherServlet'
2025-05-23T14:17:00.029+03:00  INFO 17384 --- [real-Estate-consulting] [http-nio-8080-exec-1] o.s.web.servlet.DispatcherServlet        : Initializing Servlet 'dispatcherServlet'
2025-05-23T14:17:00.031+03:00  INFO 17384 --- [real-Estate-consulting] [http-nio-8080-exec-1] o.s.web.servlet.DispatcherServlet        : Completed initialization in 2 ms
2025-05-23T14:17:00.036+03:00  INFO 17384 --- [real-Estate-consulting] [http-nio-8080-exec-1] c.g.r.config.JwtAuthenticationFilter     : hi ================== 
jwt: eyJhbGciOiJIUzI1NiJ9.eyJzdWIiOiJhb21lbzIwMDJAZ21haWwuY29tIiwiaWF0IjoxNzQ3OTk3OTYwLCJleHAiOjE3NDgwODQzNjB9.4BtRNKe-8H2p9-_z15jyBpTm49mpqloFdOTZM3XSqGw
userEmail:aomeo2002@gmail.com
2025-05-23T14:17:00.076+03:00  INFO 17384 --- [real-Estate-consulting] [http-nio-8080-exec-1] c.g.r.config.JwtAuthenticationFilter     : finish auth
2025-05-23T14:17:00.098+03:00 ERROR 17384 --- [real-Estate-consulting] [http-nio-8080-exec-1] c.g.r.exceptions.GeneralHandling         : Bad request

java.lang.IllegalArgumentException: working times not found
	at com.graduation.realestateconsulting.services.implement.WorkingTimesServiceImpl.lambda$deleteWorkingTime$5(WorkingTimesServiceImpl.java:68) ~[classes/:na]
	at java.base/java.util.Optional.orElseThrow(Optional.java:403) ~[na:na]
	at com.graduation.realestateconsulting.services.implement.WorkingTimesServiceImpl.deleteWorkingTime(WorkingTimesServiceImpl.java:68) ~[classes/:na]
	at java.base/jdk.internal.reflect.DirectMethodHandleAccessor.invoke(DirectMethodHandleAccessor.java:103) ~[na:na]
	at java.base/java.lang.reflect.Method.invoke(Method.java:580) ~[na:na]
	at org.springframework.aop.support.AopUtils.invokeJoinpointUsingReflection(AopUtils.java:355) ~[spring-aop-6.1.14.jar:6.1.14]
	at org.springframework.aop.framework.ReflectiveMethodInvocation.invokeJoinpoint(ReflectiveMethodInvocation.java:196) ~[spring-aop-6.1.14.jar:6.1.14]
	at org.springframework.aop.framework.ReflectiveMethodInvocation.proceed(ReflectiveMethodInvocation.java:163) ~[spring-aop-6.1.14.jar:6.1.14]
	at org.springframework.aop.framework.CglibAopProxy$CglibMethodInvocation.proceed(CglibAopProxy.java:768) ~[spring-aop-6.1.14.jar:6.1.14]
	at org.springframework.transaction.interceptor.TransactionAspectSupport.invokeWithinTransaction(TransactionAspectSupport.java:379) ~[spring-tx-6.1.14.jar:6.1.14]
	at org.springframework.transaction.interceptor.TransactionInterceptor.invoke(TransactionInterceptor.java:119) ~[spring-tx-6.1.14.jar:6.1.14]
	at org.springframework.aop.framework.ReflectiveMethodInvocation.proceed(ReflectiveMethodInvocation.java:184) ~[spring-aop-6.1.14.jar:6.1.14]
	at org.springframework.aop.framework.CglibAopProxy$CglibMethodInvocation.proceed(CglibAopProxy.java:768) ~[spring-aop-6.1.14.jar:6.1.14]
	at org.springframework.aop.framework.CglibAopProxy$DynamicAdvisedInterceptor.intercept(CglibAopProxy.java:720) ~[spring-aop-6.1.14.jar:6.1.14]
	at com.graduation.realestateconsulting.services.implement.WorkingTimesServiceImpl$$SpringCGLIB$$0.deleteWorkingTime(<generated>) ~[classes/:na]
	at com.graduation.realestateconsulting.controller.WorkingTimesController.deleteWorkingTimes(WorkingTimesController.java:128) ~[classes/:na]
	at java.base/jdk.internal.reflect.DirectMethodHandleAccessor.invoke(DirectMethodHandleAccessor.java:103) ~[na:na]
	at java.base/java.lang.reflect.Method.invoke(Method.java:580) ~[na:na]
	at org.springframework.web.method.support.InvocableHandlerMethod.doInvoke(InvocableHandlerMethod.java:255) ~[spring-web-6.1.14.jar:6.1.14]
	at org.springframework.web.method.support.InvocableHandlerMethod.invokeForRequest(InvocableHandlerMethod.java:188) ~[spring-web-6.1.14.jar:6.1.14]
	at org.springframework.web.servlet.mvc.method.annotation.ServletInvocableHandlerMethod.invokeAndHandle(ServletInvocableHandlerMethod.java:118) ~[spring-webmvc-6.1.14.jar:6.1.14]
	at org.springframework.web.servlet.mvc.method.annotation.RequestMappingHandlerAdapter.invokeHandlerMethod(RequestMappingHandlerAdapter.java:926) ~[spring-webmvc-6.1.14.jar:6.1.14]
	at org.springframework.web.servlet.mvc.method.annotation.RequestMappingHandlerAdapter.handleInternal(RequestMappingHandlerAdapter.java:831) ~[spring-webmvc-6.1.14.jar:6.1.14]
	at org.springframework.web.servlet.mvc.method.AbstractHandlerMethodAdapter.handle(AbstractHandlerMethodAdapter.java:87) ~[spring-webmvc-6.1.14.jar:6.1.14]
	at org.springframework.web.servlet.DispatcherServlet.doDispatch(DispatcherServlet.java:1089) ~[spring-webmvc-6.1.14.jar:6.1.14]
	at org.springframework.web.servlet.DispatcherServlet.doService(DispatcherServlet.java:979) ~[spring-webmvc-6.1.14.jar:6.1.14]
	at org.springframework.web.servlet.FrameworkServlet.processRequest(FrameworkServlet.java:1014) ~[spring-webmvc-6.1.14.jar:6.1.14]
	at org.springframework.web.servlet.FrameworkServlet.doDelete(FrameworkServlet.java:936) ~[spring-webmvc-6.1.14.jar:6.1.14]
	at jakarta.servlet.http.HttpServlet.service(HttpServlet.java:596) ~[tomcat-embed-core-10.1.31.jar:6.0]
	at org.springframework.web.servlet.FrameworkServlet.service(FrameworkServlet.java:885) ~[spring-webmvc-6.1.14.jar:6.1.14]
	at jakarta.servlet.http.HttpServlet.service(HttpServlet.java:658) ~[tomcat-embed-core-10.1.31.jar:6.0]
	at org.apache.catalina.core.ApplicationFilterChain.internalDoFilter(ApplicationFilterChain.java:195) ~[tomcat-embed-core-10.1.31.jar:10.1.31]
	at org.apache.catalina.core.ApplicationFilterChain.doFilter(ApplicationFilterChain.java:140) ~[tomcat-embed-core-10.1.31.jar:10.1.31]
	at org.apache.tomcat.websocket.server.WsFilter.doFilter(WsFilter.java:51) ~[tomcat-embed-websocket-10.1.31.jar:10.1.31]
	at org.apache.catalina.core.ApplicationFilterChain.internalDoFilter(ApplicationFilterChain.java:164) ~[tomcat-embed-core-10.1.31.jar:10.1.31]
	at org.apache.catalina.core.ApplicationFilterChain.doFilter(ApplicationFilterChain.java:140) ~[tomcat-embed-core-10.1.31.jar:10.1.31]
	at org.springframework.web.filter.OncePerRequestFilter.doFilter(OncePerRequestFilter.java:110) ~[spring-web-6.1.14.jar:6.1.14]
	at org.apache.catalina.core.ApplicationFilterChain.internalDoFilter(ApplicationFilterChain.java:164) ~[tomcat-embed-core-10.1.31.jar:10.1.31]
	at org.apache.catalina.core.ApplicationFilterChain.doFilter(ApplicationFilterChain.java:140) ~[tomcat-embed-core-10.1.31.jar:10.1.31]
	at org.springframework.web.filter.CompositeFilter$VirtualFilterChain.doFilter(CompositeFilter.java:108) ~[spring-web-6.1.14.jar:6.1.14]
	at org.springframework.security.web.FilterChainProxy.lambda$doFilterInternal$3(FilterChainProxy.java:231) ~[spring-security-web-6.3.4.jar:6.3.4]
	at org.springframework.security.web.FilterChainProxy$VirtualFilterChain.doFilter(FilterChainProxy.java:365) ~[spring-security-web-6.3.4.jar:6.3.4]
	at org.springframework.security.web.access.intercept.AuthorizationFilter.doFilter(AuthorizationFilter.java:100) ~[spring-security-web-6.3.4.jar:6.3.4]
	at org.springframework.security.web.FilterChainProxy$VirtualFilterChain.doFilter(FilterChainProxy.java:374) ~[spring-security-web-6.3.4.jar:6.3.4]
	at org.springframework.security.web.access.ExceptionTranslationFilter.doFilter(ExceptionTranslationFilter.java:126) ~[spring-security-web-6.3.4.jar:6.3.4]
	at org.springframework.security.web.access.ExceptionTranslationFilter.doFilter(ExceptionTranslationFilter.java:120) ~[spring-security-web-6.3.4.jar:6.3.4]
	at org.springframework.security.web.FilterChainProxy$VirtualFilterChain.doFilter(FilterChainProxy.java:374) ~[spring-security-web-6.3.4.jar:6.3.4]
	at org.springframework.security.web.session.SessionManagementFilter.doFilter(SessionManagementFilter.java:131) ~[spring-security-web-6.3.4.jar:6.3.4]
	at org.springframework.security.web.session.SessionManagementFilter.doFilter(SessionManagementFilter.java:85) ~[spring-security-web-6.3.4.jar:6.3.4]
	at org.springframework.security.web.FilterChainProxy$VirtualFilterChain.doFilter(FilterChainProxy.java:374) ~[spring-security-web-6.3.4.jar:6.3.4]
	at org.springframework.security.web.authentication.AnonymousAuthenticationFilter.doFilter(AnonymousAuthenticationFilter.java:100) ~[spring-security-web-6.3.4.jar:6.3.4]
	at org.springframework.security.web.FilterChainProxy$VirtualFilterChain.doFilter(FilterChainProxy.java:374) ~[spring-security-web-6.3.4.jar:6.3.4]
	at org.springframework.security.web.servletapi.SecurityContextHolderAwareRequestFilter.doFilter(SecurityContextHolderAwareRequestFilter.java:179) ~[spring-security-web-6.3.4.jar:6.3.4]
	at org.springframework.security.web.FilterChainProxy$VirtualFilterChain.doFilter(FilterChainProxy.java:374) ~[spring-security-web-6.3.4.jar:6.3.4]
	at org.springframework.security.web.savedrequest.RequestCacheAwareFilter.doFilter(RequestCacheAwareFilter.java:63) ~[spring-security-web-6.3.4.jar:6.3.4]
	at org.springframework.security.web.FilterChainProxy$VirtualFilterChain.doFilter(FilterChainProxy.java:374) ~[spring-security-web-6.3.4.jar:6.3.4]
	at com.graduation.realestateconsulting.config.JwtAuthenticationFilter.doFilterInternal(JwtAuthenticationFilter.java:59) ~[classes/:na]
	at org.springframework.web.filter.OncePerRequestFilter.doFilter(OncePerRequestFilter.java:116) ~[spring-web-6.1.14.jar:6.1.14]
	at org.springframework.security.web.FilterChainProxy$VirtualFilterChain.doFilter(FilterChainProxy.java:374) ~[spring-security-web-6.3.4.jar:6.3.4]
	at org.springframework.security.web.authentication.logout.LogoutFilter.doFilter(LogoutFilter.java:107) ~[spring-security-web-6.3.4.jar:6.3.4]
	at org.springframework.security.web.authentication.logout.LogoutFilter.doFilter(LogoutFilter.java:93) ~[spring-security-web-6.3.4.jar:6.3.4]
	at org.springframework.security.web.FilterChainProxy$VirtualFilterChain.doFilter(FilterChainProxy.java:374) ~[spring-security-web-6.3.4.jar:6.3.4]
	at org.springframework.security.web.header.HeaderWriterFilter.doHeadersAfter(HeaderWriterFilter.java:90) ~[spring-security-web-6.3.4.jar:6.3.4]
	at org.springframework.security.web.header.HeaderWriterFilter.doFilterInternal(HeaderWriterFilter.java:75) ~[spring-security-web-6.3.4.jar:6.3.4]
	at org.springframework.web.filter.OncePerRequestFilter.doFilter(OncePerRequestFilter.java:116) ~[spring-web-6.1.14.jar:6.1.14]
	at org.springframework.security.web.FilterChainProxy$VirtualFilterChain.doFilter(FilterChainProxy.java:374) ~[spring-security-web-6.3.4.jar:6.3.4]
	at org.springframework.security.web.context.SecurityContextHolderFilter.doFilter(SecurityContextHolderFilter.java:82) ~[spring-security-web-6.3.4.jar:6.3.4]
	at org.springframework.security.web.context.SecurityContextHolderFilter.doFilter(SecurityContextHolderFilter.java:69) ~[spring-security-web-6.3.4.jar:6.3.4]
	at org.springframework.security.web.FilterChainProxy$VirtualFilterChain.doFilter(FilterChainProxy.java:374) ~[spring-security-web-6.3.4.jar:6.3.4]
	at org.springframework.security.web.context.request.async.WebAsyncManagerIntegrationFilter.doFilterInternal(WebAsyncManagerIntegrationFilter.java:62) ~[spring-security-web-6.3.4.jar:6.3.4]
	at org.springframework.web.filter.OncePerRequestFilter.doFilter(OncePerRequestFilter.java:116) ~[spring-web-6.1.14.jar:6.1.14]
	at org.springframework.security.web.FilterChainProxy$VirtualFilterChain.doFilter(FilterChainProxy.java:374) ~[spring-security-web-6.3.4.jar:6.3.4]
	at org.springframework.security.web.session.DisableEncodeUrlFilter.doFilterInternal(DisableEncodeUrlFilter.java:42) ~[spring-security-web-6.3.4.jar:6.3.4]
	at org.springframework.web.filter.OncePerRequestFilter.doFilter(OncePerRequestFilter.java:116) ~[spring-web-6.1.14.jar:6.1.14]
	at org.springframework.security.web.FilterChainProxy$VirtualFilterChain.doFilter(FilterChainProxy.java:374) ~[spring-security-web-6.3.4.jar:6.3.4]
	at org.springframework.security.web.FilterChainProxy.doFilterInternal(FilterChainProxy.java:233) ~[spring-security-web-6.3.4.jar:6.3.4]
	at org.springframework.security.web.FilterChainProxy.doFilter(FilterChainProxy.java:191) ~[spring-security-web-6.3.4.jar:6.3.4]
	at org.springframework.web.filter.CompositeFilter$VirtualFilterChain.doFilter(CompositeFilter.java:113) ~[spring-web-6.1.14.jar:6.1.14]
	at org.springframework.web.servlet.handler.HandlerMappingIntrospector.lambda$createCacheFilter$3(HandlerMappingIntrospector.java:195) ~[spring-webmvc-6.1.14.jar:6.1.14]
	at org.springframework.web.filter.CompositeFilter$VirtualFilterChain.doFilter(CompositeFilter.java:113) ~[spring-web-6.1.14.jar:6.1.14]
	at org.springframework.web.filter.CompositeFilter.doFilter(CompositeFilter.java:74) ~[spring-web-6.1.14.jar:6.1.14]
	at org.springframework.security.config.annotation.web.configuration.WebMvcSecurityConfiguration$CompositeFilterChainProxy.doFilter(WebMvcSecurityConfiguration.java:230) ~[spring-security-config-6.3.4.jar:6.3.4]
	at org.springframework.web.filter.DelegatingFilterProxy.invokeDelegate(DelegatingFilterProxy.java:362) ~[spring-web-6.1.14.jar:6.1.14]
	at org.springframework.web.filter.DelegatingFilterProxy.doFilter(DelegatingFilterProxy.java:278) ~[spring-web-6.1.14.jar:6.1.14]
	at org.apache.catalina.core.ApplicationFilterChain.internalDoFilter(ApplicationFilterChain.java:164) ~[tomcat-embed-core-10.1.31.jar:10.1.31]
	at org.apache.catalina.core.ApplicationFilterChain.doFilter(ApplicationFilterChain.java:140) ~[tomcat-embed-core-10.1.31.jar:10.1.31]
	at org.springframework.web.filter.RequestContextFilter.doFilterInternal(RequestContextFilter.java:100) ~[spring-web-6.1.14.jar:6.1.14]
	at org.springframework.web.filter.OncePerRequestFilter.doFilter(OncePerRequestFilter.java:116) ~[spring-web-6.1.14.jar:6.1.14]
	at org.apache.catalina.core.ApplicationFilterChain.internalDoFilter(ApplicationFilterChain.java:164) ~[tomcat-embed-core-10.1.31.jar:10.1.31]
	at org.apache.catalina.core.ApplicationFilterChain.doFilter(ApplicationFilterChain.java:140) ~[tomcat-embed-core-10.1.31.jar:10.1.31]
	at org.springframework.web.filter.FormContentFilter.doFilterInternal(FormContentFilter.java:93) ~[spring-web-6.1.14.jar:6.1.14]
	at org.springframework.web.filter.OncePerRequestFilter.doFilter(OncePerRequestFilter.java:116) ~[spring-web-6.1.14.jar:6.1.14]
	at org.apache.catalina.core.ApplicationFilterChain.internalDoFilter(ApplicationFilterChain.java:164) ~[tomcat-embed-core-10.1.31.jar:10.1.31]
	at org.apache.catalina.core.ApplicationFilterChain.doFilter(ApplicationFilterChain.java:140) ~[tomcat-embed-core-10.1.31.jar:10.1.31]
	at org.springframework.web.filter.CharacterEncodingFilter.doFilterInternal(CharacterEncodingFilter.java:201) ~[spring-web-6.1.14.jar:6.1.14]
	at org.springframework.web.filter.OncePerRequestFilter.doFilter(OncePerRequestFilter.java:116) ~[spring-web-6.1.14.jar:6.1.14]
	at org.apache.catalina.core.ApplicationFilterChain.internalDoFilter(ApplicationFilterChain.java:164) ~[tomcat-embed-core-10.1.31.jar:10.1.31]
	at org.apache.catalina.core.ApplicationFilterChain.doFilter(ApplicationFilterChain.java:140) ~[tomcat-embed-core-10.1.31.jar:10.1.31]
	at org.apache.catalina.core.StandardWrapperValve.invoke(StandardWrapperValve.java:167) ~[tomcat-embed-core-10.1.31.jar:10.1.31]
	at org.apache.catalina.core.StandardContextValve.invoke(StandardContextValve.java:90) ~[tomcat-embed-core-10.1.31.jar:10.1.31]
	at org.apache.catalina.authenticator.AuthenticatorBase.invoke(AuthenticatorBase.java:483) ~[tomcat-embed-core-10.1.31.jar:10.1.31]
	at org.apache.catalina.core.StandardHostValve.invoke(StandardHostValve.java:115) ~[tomcat-embed-core-10.1.31.jar:10.1.31]
	at org.apache.catalina.valves.ErrorReportValve.invoke(ErrorReportValve.java:93) ~[tomcat-embed-core-10.1.31.jar:10.1.31]
	at org.apache.catalina.core.StandardEngineValve.invoke(StandardEngineValve.java:74) ~[tomcat-embed-core-10.1.31.jar:10.1.31]
	at org.apache.catalina.connector.CoyoteAdapter.service(CoyoteAdapter.java:344) ~[tomcat-embed-core-10.1.31.jar:10.1.31]
	at org.apache.coyote.http11.Http11Processor.service(Http11Processor.java:384) ~[tomcat-embed-core-10.1.31.jar:10.1.31]
	at org.apache.coyote.AbstractProcessorLight.process(AbstractProcessorLight.java:63) ~[tomcat-embed-core-10.1.31.jar:10.1.31]
	at org.apache.coyote.AbstractProtocol$ConnectionHandler.process(AbstractProtocol.java:905) ~[tomcat-embed-core-10.1.31.jar:10.1.31]
	at org.apache.tomcat.util.net.NioEndpoint$SocketProcessor.doRun(NioEndpoint.java:1741) ~[tomcat-embed-core-10.1.31.jar:10.1.31]
	at org.apache.tomcat.util.net.SocketProcessorBase.run(SocketProcessorBase.java:52) ~[tomcat-embed-core-10.1.31.jar:10.1.31]
	at org.apache.tomcat.util.threads.ThreadPoolExecutor.runWorker(ThreadPoolExecutor.java:1190) ~[tomcat-embed-core-10.1.31.jar:10.1.31]
	at org.apache.tomcat.util.threads.ThreadPoolExecutor$Worker.run(ThreadPoolExecutor.java:659) ~[tomcat-embed-core-10.1.31.jar:10.1.31]
	at org.apache.tomcat.util.threads.TaskThread$WrappingRunnable.run(TaskThread.java:63) ~[tomcat-embed-core-10.1.31.jar:10.1.31]
	at java.base/java.lang.Thread.run(Thread.java:1583) ~[na:na]

2025-05-23T14:17:00.110+03:00  WARN 17384 --- [real-Estate-consulting] [http-nio-8080-exec-1] .m.m.a.ExceptionHandlerExceptionResolver : Resolved [java.lang.IllegalArgumentException: working times not found]
2025-05-23T14:18:50.174+03:00  INFO 17384 --- [real-Estate-consulting] [http-nio-8080-exec-4] c.g.r.config.JwtAuthenticationFilter     : hi ================== 
jwt: eyJhbGciOiJIUzI1NiJ9.eyJzdWIiOiJhb21lbzIwMDJAZ21haWwuY29tIiwiaWF0IjoxNzQ3OTk3OTYwLCJleHAiOjE3NDgwODQzNjB9.4BtRNKe-8H2p9-_z15jyBpTm49mpqloFdOTZM3XSqGw
userEmail:aomeo2002@gmail.com
2025-05-23T14:18:50.181+03:00  INFO 17384 --- [real-Estate-consulting] [http-nio-8080-exec-4] c.g.r.config.JwtAuthenticationFilter     : finish auth
2025-05-23T14:18:50.189+03:00  INFO 17384 --- [real-Estate-consulting] [http-nio-8080-exec-4] c.g.r.s.i.WorkingTimesServiceImpl        : Deleted working times with id: 1
2025-05-23T14:19:16.642+03:00  INFO 17384 --- [real-Estate-consulting] [File Watcher] rtingClassPathChangeChangedEventListener : Restarting due to 1 class path change (0 additions, 1 deletion, 0 modifications)
2025-05-23T14:19:16.657+03:00  INFO 17384 --- [real-Estate-consulting] [Thread-11] j.LocalContainerEntityManagerFactoryBean : Closing JPA EntityManagerFactory for persistence unit 'default'
2025-05-23T14:19:16.658+03:00  INFO 17384 --- [real-Estate-consulting] [Thread-11] com.zaxxer.hikari.HikariDataSource       : HikariPool-3 - Shutdown initiated...
2025-05-23T14:19:16.660+03:00  INFO 17384 --- [real-Estate-consulting] [Thread-11] com.zaxxer.hikari.HikariDataSource       : HikariPool-3 - Shutdown completed.
2025-05-23T14:19:16.732+03:00  INFO 17384 --- [real-Estate-consulting] [restartedMain] c.g.r.RealEstateConsultingApplication    : Starting RealEstateConsultingApplication using Java 21.0.4 with PID 17384 (C:\Users\ffspm\Desktop\graduation\real-Estate-consulting\target\classes started by ffspm in C:\Users\ffspm\Desktop\graduation\real-Estate-consulting)
2025-05-23T14:19:16.732+03:00  INFO 17384 --- [real-Estate-consulting] [restartedMain] c.g.r.RealEstateConsultingApplication    : No active profile set, falling back to 1 default profile: "default"
2025-05-23T14:19:16.970+03:00  INFO 17384 --- [real-Estate-consulting] [restartedMain] .s.d.r.c.RepositoryConfigurationDelegate : Bootstrapping Spring Data JPA repositories in DEFAULT mode.
2025-05-23T14:19:17.017+03:00  INFO 17384 --- [real-Estate-consulting] [restartedMain] .s.d.r.c.RepositoryConfigurationDelegate : Finished Spring Data repository scanning in 46 ms. Found 19 JPA repository interfaces.
2025-05-23T14:19:17.124+03:00  INFO 17384 --- [real-Estate-consulting] [restartedMain] o.s.b.w.embedded.tomcat.TomcatWebServer  : Tomcat initialized with port 8080 (http)
2025-05-23T14:19:17.125+03:00  INFO 17384 --- [real-Estate-consulting] [restartedMain] o.apache.catalina.core.StandardService   : Starting service [Tomcat]
2025-05-23T14:19:17.125+03:00  INFO 17384 --- [real-Estate-consulting] [restartedMain] o.apache.catalina.core.StandardEngine    : Starting Servlet engine: [Apache Tomcat/10.1.31]
2025-05-23T14:19:17.138+03:00  INFO 17384 --- [real-Estate-consulting] [restartedMain] o.a.c.c.C.[Tomcat].[localhost].[/]       : Initializing Spring embedded WebApplicationContext
2025-05-23T14:19:17.138+03:00  INFO 17384 --- [real-Estate-consulting] [restartedMain] w.s.c.ServletWebServerApplicationContext : Root WebApplicationContext: initialization completed in 404 ms
2025-05-23T14:19:17.180+03:00  INFO 17384 --- [real-Estate-consulting] [restartedMain] o.hibernate.jpa.internal.util.LogHelper  : HHH000204: Processing PersistenceUnitInfo [name: default]
2025-05-23T14:19:17.182+03:00  INFO 17384 --- [real-Estate-consulting] [restartedMain] o.h.c.internal.RegionFactoryInitiator    : HHH000026: Second-level cache disabled
2025-05-23T14:19:17.192+03:00  INFO 17384 --- [real-Estate-consulting] [restartedMain] o.s.o.j.p.SpringPersistenceUnitInfo      : No LoadTimeWeaver setup: ignoring JPA class transformer
2025-05-23T14:19:17.193+03:00  INFO 17384 --- [real-Estate-consulting] [restartedMain] com.zaxxer.hikari.HikariDataSource       : HikariPool-4 - Starting...
2025-05-23T14:19:17.196+03:00  INFO 17384 --- [real-Estate-consulting] [restartedMain] com.zaxxer.hikari.pool.HikariPool        : HikariPool-4 - Added connection com.mysql.cj.jdbc.ConnectionImpl@6dfc6cba
2025-05-23T14:19:17.196+03:00  INFO 17384 --- [real-Estate-consulting] [restartedMain] com.zaxxer.hikari.HikariDataSource       : HikariPool-4 - Start completed.
2025-05-23T14:19:17.197+03:00  WARN 17384 --- [real-Estate-consulting] [restartedMain] org.hibernate.dialect.Dialect            : HHH000511: The 5.5.5 version for [org.hibernate.dialect.MySQLDialect] is no longer supported, hence certain features may not work properly. The minimum supported version is 8.0.0. Check the community dialects project for available legacy versions.
2025-05-23T14:19:17.197+03:00  WARN 17384 --- [real-Estate-consulting] [restartedMain] org.hibernate.orm.deprecation            : HHH90000025: MySQLDialect does not need to be specified explicitly using 'hibernate.dialect' (remove the property setting and it will be selected by default)
2025-05-23T14:19:17.424+03:00  INFO 17384 --- [real-Estate-consulting] [restartedMain] o.h.e.t.j.p.i.JtaPlatformInitiator       : HHH000489: No JTA platform available (set 'hibernate.transaction.jta.platform' to enable JTA platform integration)
2025-05-23T14:19:17.499+03:00  INFO 17384 --- [real-Estate-consulting] [restartedMain] j.LocalContainerEntityManagerFactoryBean : Initialized JPA EntityManagerFactory for persistence unit 'default'
2025-05-23T14:19:17.565+03:00  WARN 17384 --- [real-Estate-consulting] [restartedMain] JpaBaseConfiguration$JpaWebConfiguration : spring.jpa.open-in-view is enabled by default. Therefore, database queries may be performed during view rendering. Explicitly configure spring.jpa.open-in-view to disable this warning
2025-05-23T14:19:17.623+03:00  INFO 17384 --- [real-Estate-consulting] [restartedMain] eAuthenticationProviderManagerConfigurer : Global AuthenticationManager configured with AuthenticationProvider bean with name authenticationProvider
2025-05-23T14:19:17.623+03:00  WARN 17384 --- [real-Estate-consulting] [restartedMain] r$InitializeUserDetailsManagerConfigurer : Global AuthenticationManager configured with an AuthenticationProvider bean. UserDetailsService beans will not be used for username/password login. Consider removing the AuthenticationProvider bean. Alternatively, consider using the UserDetailsService in a manually instantiated DaoAuthenticationProvider.
2025-05-23T14:19:17.869+03:00  INFO 17384 --- [real-Estate-consulting] [restartedMain] o.s.b.d.a.OptionalLiveReloadServer       : LiveReload server is running on port 35729
2025-05-23T14:19:17.881+03:00  INFO 17384 --- [real-Estate-consulting] [restartedMain] o.s.b.w.embedded.tomcat.TomcatWebServer  : Tomcat started on port 8080 (http) with context path '/'
2025-05-23T14:19:17.884+03:00  INFO 17384 --- [real-Estate-consulting] [restartedMain] c.g.r.RealEstateConsultingApplication    : Started RealEstateConsultingApplication in 1.175 seconds (process running for 441.85)
2025-05-23T14:19:17.885+03:00  INFO 17384 --- [real-Estate-consulting] [restartedMain] .ConditionEvaluationDeltaLoggingListener : Condition evaluation unchanged
2025-05-23T14:19:32.845+03:00  INFO 17384 --- [real-Estate-consulting] [File Watcher] rtingClassPathChangeChangedEventListener : Restarting due to 1 class path change (1 addition, 0 deletions, 0 modifications)
2025-05-23T14:19:32.867+03:00  INFO 17384 --- [real-Estate-consulting] [Thread-15] j.LocalContainerEntityManagerFactoryBean : Closing JPA EntityManagerFactory for persistence unit 'default'
2025-05-23T14:19:32.868+03:00  INFO 17384 --- [real-Estate-consulting] [Thread-15] com.zaxxer.hikari.HikariDataSource       : HikariPool-4 - Shutdown initiated...
2025-05-23T14:19:32.870+03:00  INFO 17384 --- [real-Estate-consulting] [Thread-15] com.zaxxer.hikari.HikariDataSource       : HikariPool-4 - Shutdown completed.
2025-05-23T14:19:32.925+03:00  INFO 17384 --- [real-Estate-consulting] [restartedMain] c.g.r.RealEstateConsultingApplication    : Starting RealEstateConsultingApplication using Java 21.0.4 with PID 17384 (C:\Users\ffspm\Desktop\graduation\real-Estate-consulting\target\classes started by ffspm in C:\Users\ffspm\Desktop\graduation\real-Estate-consulting)
2025-05-23T14:19:32.925+03:00  INFO 17384 --- [real-Estate-consulting] [restartedMain] c.g.r.RealEstateConsultingApplication    : No active profile set, falling back to 1 default profile: "default"
2025-05-23T14:19:33.142+03:00  INFO 17384 --- [real-Estate-consulting] [restartedMain] .s.d.r.c.RepositoryConfigurationDelegate : Bootstrapping Spring Data JPA repositories in DEFAULT mode.
2025-05-23T14:19:33.190+03:00  INFO 17384 --- [real-Estate-consulting] [restartedMain] .s.d.r.c.RepositoryConfigurationDelegate : Finished Spring Data repository scanning in 48 ms. Found 19 JPA repository interfaces.
2025-05-23T14:19:33.278+03:00  INFO 17384 --- [real-Estate-consulting] [restartedMain] o.s.b.w.embedded.tomcat.TomcatWebServer  : Tomcat initialized with port 8080 (http)
2025-05-23T14:19:33.279+03:00  INFO 17384 --- [real-Estate-consulting] [restartedMain] o.apache.catalina.core.StandardService   : Starting service [Tomcat]
2025-05-23T14:19:33.279+03:00  INFO 17384 --- [real-Estate-consulting] [restartedMain] o.apache.catalina.core.StandardEngine    : Starting Servlet engine: [Apache Tomcat/10.1.31]
2025-05-23T14:19:33.293+03:00  INFO 17384 --- [real-Estate-consulting] [restartedMain] o.a.c.c.C.[Tomcat].[localhost].[/]       : Initializing Spring embedded WebApplicationContext
2025-05-23T14:19:33.293+03:00  INFO 17384 --- [real-Estate-consulting] [restartedMain] w.s.c.ServletWebServerApplicationContext : Root WebApplicationContext: initialization completed in 367 ms
2025-05-23T14:19:33.323+03:00  INFO 17384 --- [real-Estate-consulting] [restartedMain] o.hibernate.jpa.internal.util.LogHelper  : HHH000204: Processing PersistenceUnitInfo [name: default]
2025-05-23T14:19:33.325+03:00  INFO 17384 --- [real-Estate-consulting] [restartedMain] o.h.c.internal.RegionFactoryInitiator    : HHH000026: Second-level cache disabled
2025-05-23T14:19:33.330+03:00  INFO 17384 --- [real-Estate-consulting] [restartedMain] o.s.o.j.p.SpringPersistenceUnitInfo      : No LoadTimeWeaver setup: ignoring JPA class transformer
2025-05-23T14:19:33.331+03:00  INFO 17384 --- [real-Estate-consulting] [restartedMain] com.zaxxer.hikari.HikariDataSource       : HikariPool-5 - Starting...
2025-05-23T14:19:33.334+03:00  INFO 17384 --- [real-Estate-consulting] [restartedMain] com.zaxxer.hikari.pool.HikariPool        : HikariPool-5 - Added connection com.mysql.cj.jdbc.ConnectionImpl@32a2b296
2025-05-23T14:19:33.334+03:00  INFO 17384 --- [real-Estate-consulting] [restartedMain] com.zaxxer.hikari.HikariDataSource       : HikariPool-5 - Start completed.
2025-05-23T14:19:33.334+03:00  WARN 17384 --- [real-Estate-consulting] [restartedMain] org.hibernate.dialect.Dialect            : HHH000511: The 5.5.5 version for [org.hibernate.dialect.MySQLDialect] is no longer supported, hence certain features may not work properly. The minimum supported version is 8.0.0. Check the community dialects project for available legacy versions.
2025-05-23T14:19:33.335+03:00  WARN 17384 --- [real-Estate-consulting] [restartedMain] org.hibernate.orm.deprecation            : HHH90000025: MySQLDialect does not need to be specified explicitly using 'hibernate.dialect' (remove the property setting and it will be selected by default)
2025-05-23T14:19:33.507+03:00  INFO 17384 --- [real-Estate-consulting] [restartedMain] o.h.e.t.j.p.i.JtaPlatformInitiator       : HHH000489: No JTA platform available (set 'hibernate.transaction.jta.platform' to enable JTA platform integration)
2025-05-23T14:19:33.572+03:00  INFO 17384 --- [real-Estate-consulting] [restartedMain] j.LocalContainerEntityManagerFactoryBean : Initialized JPA EntityManagerFactory for persistence unit 'default'
2025-05-23T14:19:33.630+03:00  WARN 17384 --- [real-Estate-consulting] [restartedMain] JpaBaseConfiguration$JpaWebConfiguration : spring.jpa.open-in-view is enabled by default. Therefore, database queries may be performed during view rendering. Explicitly configure spring.jpa.open-in-view to disable this warning
2025-05-23T14:19:33.681+03:00  INFO 17384 --- [real-Estate-consulting] [restartedMain] eAuthenticationProviderManagerConfigurer : Global AuthenticationManager configured with AuthenticationProvider bean with name authenticationProvider
2025-05-23T14:19:33.681+03:00  WARN 17384 --- [real-Estate-consulting] [restartedMain] r$InitializeUserDetailsManagerConfigurer : Global AuthenticationManager configured with an AuthenticationProvider bean. UserDetailsService beans will not be used for username/password login. Consider removing the AuthenticationProvider bean. Alternatively, consider using the UserDetailsService in a manually instantiated DaoAuthenticationProvider.
2025-05-23T14:19:33.959+03:00  INFO 17384 --- [real-Estate-consulting] [restartedMain] o.s.b.d.a.OptionalLiveReloadServer       : LiveReload server is running on port 35729
2025-05-23T14:19:33.978+03:00  INFO 17384 --- [real-Estate-consulting] [restartedMain] o.s.b.w.embedded.tomcat.TomcatWebServer  : Tomcat started on port 8080 (http) with context path '/'
2025-05-23T14:19:33.981+03:00  INFO 17384 --- [real-Estate-consulting] [restartedMain] c.g.r.RealEstateConsultingApplication    : Started RealEstateConsultingApplication in 1.072 seconds (process running for 457.947)
2025-05-23T14:19:33.982+03:00  INFO 17384 --- [real-Estate-consulting] [restartedMain] .ConditionEvaluationDeltaLoggingListener : Condition evaluation unchanged
2025-05-23T14:19:34.566+03:00  INFO 17384 --- [real-Estate-consulting] [http-nio-8080-exec-1] o.a.c.c.C.[Tomcat].[localhost].[/]       : Initializing Spring DispatcherServlet 'dispatcherServlet'
2025-05-23T14:19:34.566+03:00  INFO 17384 --- [real-Estate-consulting] [http-nio-8080-exec-1] o.s.web.servlet.DispatcherServlet        : Initializing Servlet 'dispatcherServlet'
2025-05-23T14:19:34.567+03:00  INFO 17384 --- [real-Estate-consulting] [http-nio-8080-exec-1] o.s.web.servlet.DispatcherServlet        : Completed initialization in 1 ms
2025-05-23T14:19:34.573+03:00  INFO 17384 --- [real-Estate-consulting] [http-nio-8080-exec-1] c.g.r.config.JwtAuthenticationFilter     : hi ================== 
jwt: eyJhbGciOiJIUzI1NiJ9.eyJzdWIiOiJhb21lbzIwMDJAZ21haWwuY29tIiwiaWF0IjoxNzQ3OTk3OTYwLCJleHAiOjE3NDgwODQzNjB9.4BtRNKe-8H2p9-_z15jyBpTm49mpqloFdOTZM3XSqGw
userEmail:aomeo2002@gmail.com
2025-05-23T14:19:34.618+03:00  INFO 17384 --- [real-Estate-consulting] [http-nio-8080-exec-1] c.g.r.config.JwtAuthenticationFilter     : finish auth
2025-05-23T14:19:34.626+03:00  INFO 17384 --- [real-Estate-consulting] [http-nio-8080-exec-1] c.g.r.s.i.WorkingTimesServiceImpl        : Deleted working times with id: 2
2025-05-23T14:20:23.134+03:00  INFO 17384 --- [real-Estate-consulting] [File Watcher] rtingClassPathChangeChangedEventListener : Restarting due to 1 class path change (0 additions, 1 deletion, 0 modifications)
2025-05-23T14:20:23.151+03:00  INFO 17384 --- [real-Estate-consulting] [Thread-19] j.LocalContainerEntityManagerFactoryBean : Closing JPA EntityManagerFactory for persistence unit 'default'
2025-05-23T14:20:23.152+03:00  INFO 17384 --- [real-Estate-consulting] [Thread-19] com.zaxxer.hikari.HikariDataSource       : HikariPool-5 - Shutdown initiated...
2025-05-23T14:20:23.154+03:00  INFO 17384 --- [real-Estate-consulting] [Thread-19] com.zaxxer.hikari.HikariDataSource       : HikariPool-5 - Shutdown completed.
2025-05-23T14:20:23.242+03:00  INFO 17384 --- [real-Estate-consulting] [restartedMain] c.g.r.RealEstateConsultingApplication    : Starting RealEstateConsultingApplication using Java 21.0.4 with PID 17384 (C:\Users\ffspm\Desktop\graduation\real-Estate-consulting\target\classes started by ffspm in C:\Users\ffspm\Desktop\graduation\real-Estate-consulting)
2025-05-23T14:20:23.242+03:00  INFO 17384 --- [real-Estate-consulting] [restartedMain] c.g.r.RealEstateConsultingApplication    : No active profile set, falling back to 1 default profile: "default"
2025-05-23T14:20:23.470+03:00  INFO 17384 --- [real-Estate-consulting] [restartedMain] .s.d.r.c.RepositoryConfigurationDelegate : Bootstrapping Spring Data JPA repositories in DEFAULT mode.
2025-05-23T14:20:23.521+03:00  INFO 17384 --- [real-Estate-consulting] [restartedMain] .s.d.r.c.RepositoryConfigurationDelegate : Finished Spring Data repository scanning in 51 ms. Found 19 JPA repository interfaces.
2025-05-23T14:20:23.651+03:00  INFO 17384 --- [real-Estate-consulting] [restartedMain] o.s.b.w.embedded.tomcat.TomcatWebServer  : Tomcat initialized with port 8080 (http)
2025-05-23T14:20:23.652+03:00  INFO 17384 --- [real-Estate-consulting] [restartedMain] o.apache.catalina.core.StandardService   : Starting service [Tomcat]
2025-05-23T14:20:23.653+03:00  INFO 17384 --- [real-Estate-consulting] [restartedMain] o.apache.catalina.core.StandardEngine    : Starting Servlet engine: [Apache Tomcat/10.1.31]
2025-05-23T14:20:23.667+03:00  INFO 17384 --- [real-Estate-consulting] [restartedMain] o.a.c.c.C.[Tomcat].[localhost].[/]       : Initializing Spring embedded WebApplicationContext
2025-05-23T14:20:23.667+03:00  INFO 17384 --- [real-Estate-consulting] [restartedMain] w.s.c.ServletWebServerApplicationContext : Root WebApplicationContext: initialization completed in 424 ms
2025-05-23T14:20:23.703+03:00  INFO 17384 --- [real-Estate-consulting] [restartedMain] o.hibernate.jpa.internal.util.LogHelper  : HHH000204: Processing PersistenceUnitInfo [name: default]
2025-05-23T14:20:23.705+03:00  INFO 17384 --- [real-Estate-consulting] [restartedMain] o.h.c.internal.RegionFactoryInitiator    : HHH000026: Second-level cache disabled
2025-05-23T14:20:23.712+03:00  INFO 17384 --- [real-Estate-consulting] [restartedMain] o.s.o.j.p.SpringPersistenceUnitInfo      : No LoadTimeWeaver setup: ignoring JPA class transformer
2025-05-23T14:20:23.713+03:00  INFO 17384 --- [real-Estate-consulting] [restartedMain] com.zaxxer.hikari.HikariDataSource       : HikariPool-6 - Starting...
2025-05-23T14:20:23.715+03:00  INFO 17384 --- [real-Estate-consulting] [restartedMain] com.zaxxer.hikari.pool.HikariPool        : HikariPool-6 - Added connection com.mysql.cj.jdbc.ConnectionImpl@55c70e02
2025-05-23T14:20:23.716+03:00  INFO 17384 --- [real-Estate-consulting] [restartedMain] com.zaxxer.hikari.HikariDataSource       : HikariPool-6 - Start completed.
2025-05-23T14:20:23.716+03:00  WARN 17384 --- [real-Estate-consulting] [restartedMain] org.hibernate.dialect.Dialect            : HHH000511: The 5.5.5 version for [org.hibernate.dialect.MySQLDialect] is no longer supported, hence certain features may not work properly. The minimum supported version is 8.0.0. Check the community dialects project for available legacy versions.
2025-05-23T14:20:23.717+03:00  WARN 17384 --- [real-Estate-consulting] [restartedMain] org.hibernate.orm.deprecation            : HHH90000025: MySQLDialect does not need to be specified explicitly using 'hibernate.dialect' (remove the property setting and it will be selected by default)
2025-05-23T14:20:23.929+03:00  INFO 17384 --- [real-Estate-consulting] [restartedMain] o.h.e.t.j.p.i.JtaPlatformInitiator       : HHH000489: No JTA platform available (set 'hibernate.transaction.jta.platform' to enable JTA platform integration)
2025-05-23T14:20:24.004+03:00  INFO 17384 --- [real-Estate-consulting] [restartedMain] j.LocalContainerEntityManagerFactoryBean : Initialized JPA EntityManagerFactory for persistence unit 'default'
2025-05-23T14:20:24.075+03:00  WARN 17384 --- [real-Estate-consulting] [restartedMain] JpaBaseConfiguration$JpaWebConfiguration : spring.jpa.open-in-view is enabled by default. Therefore, database queries may be performed during view rendering. Explicitly configure spring.jpa.open-in-view to disable this warning
2025-05-23T14:20:24.144+03:00  INFO 17384 --- [real-Estate-consulting] [restartedMain] eAuthenticationProviderManagerConfigurer : Global AuthenticationManager configured with AuthenticationProvider bean with name authenticationProvider
2025-05-23T14:20:24.144+03:00  WARN 17384 --- [real-Estate-consulting] [restartedMain] r$InitializeUserDetailsManagerConfigurer : Global AuthenticationManager configured with an AuthenticationProvider bean. UserDetailsService beans will not be used for username/password login. Consider removing the AuthenticationProvider bean. Alternatively, consider using the UserDetailsService in a manually instantiated DaoAuthenticationProvider.
2025-05-23T14:20:24.396+03:00  INFO 17384 --- [real-Estate-consulting] [restartedMain] o.s.b.d.a.OptionalLiveReloadServer       : LiveReload server is running on port 35729
2025-05-23T14:20:24.417+03:00  INFO 17384 --- [real-Estate-consulting] [restartedMain] o.s.b.w.embedded.tomcat.TomcatWebServer  : Tomcat started on port 8080 (http) with context path '/'
2025-05-23T14:20:24.422+03:00  INFO 17384 --- [real-Estate-consulting] [restartedMain] c.g.r.RealEstateConsultingApplication    : Started RealEstateConsultingApplication in 1.204 seconds (process running for 508.388)
2025-05-23T14:20:24.424+03:00  INFO 17384 --- [real-Estate-consulting] [restartedMain] .ConditionEvaluationDeltaLoggingListener : Condition evaluation unchanged
2025-05-23T14:20:25.880+03:00  INFO 17384 --- [real-Estate-consulting] [File Watcher] rtingClassPathChangeChangedEventListener : Restarting due to 1 class path change (1 addition, 0 deletions, 0 modifications)
2025-05-23T14:20:25.893+03:00  INFO 17384 --- [real-Estate-consulting] [Thread-23] j.LocalContainerEntityManagerFactoryBean : Closing JPA EntityManagerFactory for persistence unit 'default'
2025-05-23T14:20:25.894+03:00  INFO 17384 --- [real-Estate-consulting] [Thread-23] com.zaxxer.hikari.HikariDataSource       : HikariPool-6 - Shutdown initiated...
2025-05-23T14:20:25.895+03:00  INFO 17384 --- [real-Estate-consulting] [Thread-23] com.zaxxer.hikari.HikariDataSource       : HikariPool-6 - Shutdown completed.
2025-05-23T14:20:25.950+03:00  INFO 17384 --- [real-Estate-consulting] [restartedMain] c.g.r.RealEstateConsultingApplication    : Starting RealEstateConsultingApplication using Java 21.0.4 with PID 17384 (C:\Users\ffspm\Desktop\graduation\real-Estate-consulting\target\classes started by ffspm in C:\Users\ffspm\Desktop\graduation\real-Estate-consulting)
2025-05-23T14:20:25.950+03:00  INFO 17384 --- [real-Estate-consulting] [restartedMain] c.g.r.RealEstateConsultingApplication    : No active profile set, falling back to 1 default profile: "default"
2025-05-23T14:20:26.160+03:00  INFO 17384 --- [real-Estate-consulting] [restartedMain] .s.d.r.c.RepositoryConfigurationDelegate : Bootstrapping Spring Data JPA repositories in DEFAULT mode.
2025-05-23T14:20:26.210+03:00  INFO 17384 --- [real-Estate-consulting] [restartedMain] .s.d.r.c.RepositoryConfigurationDelegate : Finished Spring Data repository scanning in 48 ms. Found 19 JPA repository interfaces.
2025-05-23T14:20:26.301+03:00  INFO 17384 --- [real-Estate-consulting] [restartedMain] o.s.b.w.embedded.tomcat.TomcatWebServer  : Tomcat initialized with port 8080 (http)
2025-05-23T14:20:26.301+03:00  INFO 17384 --- [real-Estate-consulting] [restartedMain] o.apache.catalina.core.StandardService   : Starting service [Tomcat]
2025-05-23T14:20:26.301+03:00  INFO 17384 --- [real-Estate-consulting] [restartedMain] o.apache.catalina.core.StandardEngine    : Starting Servlet engine: [Apache Tomcat/10.1.31]
2025-05-23T14:20:26.320+03:00  INFO 17384 --- [real-Estate-consulting] [restartedMain] o.a.c.c.C.[Tomcat].[localhost].[/]       : Initializing Spring embedded WebApplicationContext
2025-05-23T14:20:26.320+03:00  INFO 17384 --- [real-Estate-consulting] [restartedMain] w.s.c.ServletWebServerApplicationContext : Root WebApplicationContext: initialization completed in 369 ms
2025-05-23T14:20:26.350+03:00  INFO 17384 --- [real-Estate-consulting] [restartedMain] o.hibernate.jpa.internal.util.LogHelper  : HHH000204: Processing PersistenceUnitInfo [name: default]
2025-05-23T14:20:26.360+03:00  INFO 17384 --- [real-Estate-consulting] [restartedMain] o.h.c.internal.RegionFactoryInitiator    : HHH000026: Second-level cache disabled
2025-05-23T14:20:26.360+03:00  INFO 17384 --- [real-Estate-consulting] [restartedMain] o.s.o.j.p.SpringPersistenceUnitInfo      : No LoadTimeWeaver setup: ignoring JPA class transformer
2025-05-23T14:20:26.360+03:00  INFO 17384 --- [real-Estate-consulting] [restartedMain] com.zaxxer.hikari.HikariDataSource       : HikariPool-7 - Starting...
2025-05-23T14:20:26.369+03:00  INFO 17384 --- [real-Estate-consulting] [restartedMain] com.zaxxer.hikari.pool.HikariPool        : HikariPool-7 - Added connection com.mysql.cj.jdbc.ConnectionImpl@41b9c2e4
2025-05-23T14:20:26.369+03:00  INFO 17384 --- [real-Estate-consulting] [restartedMain] com.zaxxer.hikari.HikariDataSource       : HikariPool-7 - Start completed.
2025-05-23T14:20:26.371+03:00  WARN 17384 --- [real-Estate-consulting] [restartedMain] org.hibernate.dialect.Dialect            : HHH000511: The 5.5.5 version for [org.hibernate.dialect.MySQLDialect] is no longer supported, hence certain features may not work properly. The minimum supported version is 8.0.0. Check the community dialects project for available legacy versions.
2025-05-23T14:20:26.371+03:00  WARN 17384 --- [real-Estate-consulting] [restartedMain] org.hibernate.orm.deprecation            : HHH90000025: MySQLDialect does not need to be specified explicitly using 'hibernate.dialect' (remove the property setting and it will be selected by default)
2025-05-23T14:20:26.550+03:00  INFO 17384 --- [real-Estate-consulting] [restartedMain] o.h.e.t.j.p.i.JtaPlatformInitiator       : HHH000489: No JTA platform available (set 'hibernate.transaction.jta.platform' to enable JTA platform integration)
2025-05-23T14:20:26.621+03:00  INFO 17384 --- [real-Estate-consulting] [restartedMain] j.LocalContainerEntityManagerFactoryBean : Initialized JPA EntityManagerFactory for persistence unit 'default'
2025-05-23T14:20:26.670+03:00  WARN 17384 --- [real-Estate-consulting] [restartedMain] JpaBaseConfiguration$JpaWebConfiguration : spring.jpa.open-in-view is enabled by default. Therefore, database queries may be performed during view rendering. Explicitly configure spring.jpa.open-in-view to disable this warning
2025-05-23T14:20:26.731+03:00  INFO 17384 --- [real-Estate-consulting] [restartedMain] eAuthenticationProviderManagerConfigurer : Global AuthenticationManager configured with AuthenticationProvider bean with name authenticationProvider
2025-05-23T14:20:26.731+03:00  WARN 17384 --- [real-Estate-consulting] [restartedMain] r$InitializeUserDetailsManagerConfigurer : Global AuthenticationManager configured with an AuthenticationProvider bean. UserDetailsService beans will not be used for username/password login. Consider removing the AuthenticationProvider bean. Alternatively, consider using the UserDetailsService in a manually instantiated DaoAuthenticationProvider.
2025-05-23T14:20:26.930+03:00  INFO 17384 --- [real-Estate-consulting] [restartedMain] o.s.b.d.a.OptionalLiveReloadServer       : LiveReload server is running on port 35729
2025-05-23T14:20:26.941+03:00  INFO 17384 --- [real-Estate-consulting] [restartedMain] o.s.b.w.embedded.tomcat.TomcatWebServer  : Tomcat started on port 8080 (http) with context path '/'
2025-05-23T14:20:26.941+03:00  INFO 17384 --- [real-Estate-consulting] [restartedMain] c.g.r.RealEstateConsultingApplication    : Started RealEstateConsultingApplication in 1.007 seconds (process running for 510.91)
2025-05-23T14:20:26.941+03:00  INFO 17384 --- [real-Estate-consulting] [restartedMain] .ConditionEvaluationDeltaLoggingListener : Condition evaluation unchanged
2025-05-23T14:21:11.986+03:00  INFO 17384 --- [real-Estate-consulting] [http-nio-8080-exec-1] o.a.c.c.C.[Tomcat].[localhost].[/]       : Initializing Spring DispatcherServlet 'dispatcherServlet'
2025-05-23T14:21:11.986+03:00  INFO 17384 --- [real-Estate-consulting] [http-nio-8080-exec-1] o.s.web.servlet.DispatcherServlet        : Initializing Servlet 'dispatcherServlet'
2025-05-23T14:21:11.988+03:00  INFO 17384 --- [real-Estate-consulting] [http-nio-8080-exec-1] o.s.web.servlet.DispatcherServlet        : Completed initialization in 2 ms
2025-05-23T14:21:11.993+03:00  INFO 17384 --- [real-Estate-consulting] [http-nio-8080-exec-1] c.g.r.config.JwtAuthenticationFilter     : hi ================== 
jwt: eyJhbGciOiJIUzI1NiJ9.eyJzdWIiOiJhb21lbzIwMDJAZ21haWwuY29tIiwiaWF0IjoxNzQ3OTk3OTYwLCJleHAiOjE3NDgwODQzNjB9.4BtRNKe-8H2p9-_z15jyBpTm49mpqloFdOTZM3XSqGw
userEmail:aomeo2002@gmail.com
2025-05-23T14:21:12.029+03:00  INFO 17384 --- [real-Estate-consulting] [http-nio-8080-exec-1] c.g.r.config.JwtAuthenticationFilter     : finish auth
2025-05-23T14:24:56.664+03:00  INFO 17384 --- [real-Estate-consulting] [SpringApplicationShutdownHook] j.LocalContainerEntityManagerFactoryBean : Closing JPA EntityManagerFactory for persistence unit 'default'
2025-05-23T14:24:56.675+03:00  INFO 17384 --- [real-Estate-consulting] [SpringApplicationShutdownHook] com.zaxxer.hikari.HikariDataSource       : HikariPool-7 - Shutdown initiated...
2025-05-23T14:24:56.680+03:00  INFO 17384 --- [real-Estate-consulting] [SpringApplicationShutdownHook] com.zaxxer.hikari.HikariDataSource       : HikariPool-7 - Shutdown completed.
2025-05-23T14:31:36.315+03:00  INFO 10720 --- [real-Estate-consulting] [restartedMain] c.g.r.RealEstateConsultingApplication    : Starting RealEstateConsultingApplication using Java 21.0.4 with PID 10720 (C:\Users\ffspm\Desktop\graduation\real-Estate-consulting\target\classes started by ffspm in C:\Users\ffspm\Desktop\graduation\real-Estate-consulting)
2025-05-23T14:31:36.316+03:00  INFO 10720 --- [real-Estate-consulting] [restartedMain] c.g.r.RealEstateConsultingApplication    : No active profile set, falling back to 1 default profile: "default"
2025-05-23T14:31:36.355+03:00  INFO 10720 --- [real-Estate-consulting] [restartedMain] .e.DevToolsPropertyDefaultsPostProcessor : Devtools property defaults active! Set 'spring.devtools.add-properties' to 'false' to disable
2025-05-23T14:31:36.355+03:00  INFO 10720 --- [real-Estate-consulting] [restartedMain] .e.DevToolsPropertyDefaultsPostProcessor : For additional web related logging consider setting the 'logging.level.web' property to 'DEBUG'
2025-05-23T14:31:37.230+03:00  INFO 10720 --- [real-Estate-consulting] [restartedMain] .s.d.r.c.RepositoryConfigurationDelegate : Bootstrapping Spring Data JPA repositories in DEFAULT mode.
2025-05-23T14:31:37.332+03:00  INFO 10720 --- [real-Estate-consulting] [restartedMain] .s.d.r.c.RepositoryConfigurationDelegate : Finished Spring Data repository scanning in 95 ms. Found 19 JPA repository interfaces.
2025-05-23T14:31:37.801+03:00  INFO 10720 --- [real-Estate-consulting] [restartedMain] o.s.b.w.embedded.tomcat.TomcatWebServer  : Tomcat initialized with port 8080 (http)
2025-05-23T14:31:37.811+03:00  INFO 10720 --- [real-Estate-consulting] [restartedMain] o.apache.catalina.core.StandardService   : Starting service [Tomcat]
2025-05-23T14:31:37.812+03:00  INFO 10720 --- [real-Estate-consulting] [restartedMain] o.apache.catalina.core.StandardEngine    : Starting Servlet engine: [Apache Tomcat/10.1.31]
2025-05-23T14:31:37.849+03:00  INFO 10720 --- [real-Estate-consulting] [restartedMain] o.a.c.c.C.[Tomcat].[localhost].[/]       : Initializing Spring embedded WebApplicationContext
2025-05-23T14:31:37.849+03:00  INFO 10720 --- [real-Estate-consulting] [restartedMain] w.s.c.ServletWebServerApplicationContext : Root WebApplicationContext: initialization completed in 1494 ms
2025-05-23T14:31:37.970+03:00  INFO 10720 --- [real-Estate-consulting] [restartedMain] o.hibernate.jpa.internal.util.LogHelper  : HHH000204: Processing PersistenceUnitInfo [name: default]
2025-05-23T14:31:38.033+03:00  INFO 10720 --- [real-Estate-consulting] [restartedMain] org.hibernate.Version                    : HHH000412: Hibernate ORM core version 6.5.3.Final
2025-05-23T14:31:38.074+03:00  INFO 10720 --- [real-Estate-consulting] [restartedMain] o.h.c.internal.RegionFactoryInitiator    : HHH000026: Second-level cache disabled
2025-05-23T14:31:38.329+03:00  INFO 10720 --- [real-Estate-consulting] [restartedMain] o.s.o.j.p.SpringPersistenceUnitInfo      : No LoadTimeWeaver setup: ignoring JPA class transformer
2025-05-23T14:31:38.357+03:00  INFO 10720 --- [real-Estate-consulting] [restartedMain] com.zaxxer.hikari.HikariDataSource       : HikariPool-1 - Starting...
2025-05-23T14:31:38.475+03:00  INFO 10720 --- [real-Estate-consulting] [restartedMain] com.zaxxer.hikari.pool.HikariPool        : HikariPool-1 - Added connection com.mysql.cj.jdbc.ConnectionImpl@d52af86
2025-05-23T14:31:38.477+03:00  INFO 10720 --- [real-Estate-consulting] [restartedMain] com.zaxxer.hikari.HikariDataSource       : HikariPool-1 - Start completed.
2025-05-23T14:31:38.508+03:00  WARN 10720 --- [real-Estate-consulting] [restartedMain] org.hibernate.dialect.Dialect            : HHH000511: The 5.5.5 version for [org.hibernate.dialect.MySQLDialect] is no longer supported, hence certain features may not work properly. The minimum supported version is 8.0.0. Check the community dialects project for available legacy versions.
2025-05-23T14:31:38.513+03:00  WARN 10720 --- [real-Estate-consulting] [restartedMain] org.hibernate.orm.deprecation            : HHH90000025: MySQLDialect does not need to be specified explicitly using 'hibernate.dialect' (remove the property setting and it will be selected by default)
2025-05-23T14:31:39.536+03:00  INFO 10720 --- [real-Estate-consulting] [restartedMain] o.h.e.t.j.p.i.JtaPlatformInitiator       : HHH000489: No JTA platform available (set 'hibernate.transaction.jta.platform' to enable JTA platform integration)
2025-05-23T14:31:39.660+03:00  INFO 10720 --- [real-Estate-consulting] [restartedMain] j.LocalContainerEntityManagerFactoryBean : Initialized JPA EntityManagerFactory for persistence unit 'default'
2025-05-23T14:31:39.971+03:00  WARN 10720 --- [real-Estate-consulting] [restartedMain] JpaBaseConfiguration$JpaWebConfiguration : spring.jpa.open-in-view is enabled by default. Therefore, database queries may be performed during view rendering. Explicitly configure spring.jpa.open-in-view to disable this warning
2025-05-23T14:31:40.157+03:00  INFO 10720 --- [real-Estate-consulting] [restartedMain] eAuthenticationProviderManagerConfigurer : Global AuthenticationManager configured with AuthenticationProvider bean with name authenticationProvider
2025-05-23T14:31:40.158+03:00  WARN 10720 --- [real-Estate-consulting] [restartedMain] r$InitializeUserDetailsManagerConfigurer : Global AuthenticationManager configured with an AuthenticationProvider bean. UserDetailsService beans will not be used for username/password login. Consider removing the AuthenticationProvider bean. Alternatively, consider using the UserDetailsService in a manually instantiated DaoAuthenticationProvider.
2025-05-23T14:31:40.752+03:00  INFO 10720 --- [real-Estate-consulting] [restartedMain] o.s.b.d.a.OptionalLiveReloadServer       : LiveReload server is running on port 35729
2025-05-23T14:31:40.784+03:00  INFO 10720 --- [real-Estate-consulting] [restartedMain] o.s.b.w.embedded.tomcat.TomcatWebServer  : Tomcat started on port 8080 (http) with context path '/'
2025-05-23T14:31:40.791+03:00  INFO 10720 --- [real-Estate-consulting] [restartedMain] c.g.r.RealEstateConsultingApplication    : Started RealEstateConsultingApplication in 4.822 seconds (process running for 5.534)
2025-05-23T14:31:44.660+03:00  INFO 10720 --- [real-Estate-consulting] [http-nio-8080-exec-1] o.a.c.c.C.[Tomcat].[localhost].[/]       : Initializing Spring DispatcherServlet 'dispatcherServlet'
2025-05-23T14:31:44.660+03:00  INFO 10720 --- [real-Estate-consulting] [http-nio-8080-exec-1] o.s.web.servlet.DispatcherServlet        : Initializing Servlet 'dispatcherServlet'
2025-05-23T14:31:44.662+03:00  INFO 10720 --- [real-Estate-consulting] [http-nio-8080-exec-1] o.s.web.servlet.DispatcherServlet        : Completed initialization in 2 ms
2025-05-23T14:31:44.678+03:00  INFO 10720 --- [real-Estate-consulting] [http-nio-8080-exec-1] c.g.r.config.JwtAuthenticationFilter     : authHeader: null
2025-05-23T14:31:44.737+03:00  INFO 10720 --- [real-Estate-consulting] [http-nio-8080-exec-3] c.g.r.config.JwtAuthenticationFilter     : authHeader: null
2025-05-23T14:31:44.738+03:00  INFO 10720 --- [real-Estate-consulting] [http-nio-8080-exec-5] c.g.r.config.JwtAuthenticationFilter     : authHeader: null
2025-05-23T14:31:44.738+03:00  INFO 10720 --- [real-Estate-consulting] [http-nio-8080-exec-2] c.g.r.config.JwtAuthenticationFilter     : authHeader: null
2025-05-23T14:31:44.737+03:00  INFO 10720 --- [real-Estate-consulting] [http-nio-8080-exec-8] c.g.r.config.JwtAuthenticationFilter     : authHeader: null
2025-05-23T14:31:44.739+03:00  INFO 10720 --- [real-Estate-consulting] [http-nio-8080-exec-6] c.g.r.config.JwtAuthenticationFilter     : authHeader: null
2025-05-23T14:31:44.908+03:00  INFO 10720 --- [real-Estate-consulting] [http-nio-8080-exec-7] c.g.r.config.JwtAuthenticationFilter     : authHeader: null
2025-05-23T14:31:44.911+03:00  INFO 10720 --- [real-Estate-consulting] [http-nio-8080-exec-4] c.g.r.config.JwtAuthenticationFilter     : authHeader: null
2025-05-23T14:31:44.956+03:00  INFO 10720 --- [real-Estate-consulting] [http-nio-8080-exec-9] c.g.r.config.JwtAuthenticationFilter     : authHeader: null
2025-05-23T14:31:45.365+03:00  INFO 10720 --- [real-Estate-consulting] [http-nio-8080-exec-9] o.springdoc.api.AbstractOpenApiResource  : Init duration for springdoc-openapi is: 393 ms
2025-05-23T14:33:25.283+03:00  INFO 10720 --- [real-Estate-consulting] [SpringApplicationShutdownHook] j.LocalContainerEntityManagerFactoryBean : Closing JPA EntityManagerFactory for persistence unit 'default'
2025-05-23T14:33:25.285+03:00  INFO 10720 --- [real-Estate-consulting] [SpringApplicationShutdownHook] com.zaxxer.hikari.HikariDataSource       : HikariPool-1 - Shutdown initiated...
2025-05-23T14:33:25.291+03:00  INFO 10720 --- [real-Estate-consulting] [SpringApplicationShutdownHook] com.zaxxer.hikari.HikariDataSource       : HikariPool-1 - Shutdown completed.
